{"/home/runner/workspace/artifacts/api-server/src/app.ts": {"path":"/home/runner/workspace/artifacts/api-server/src/app.ts","statementMap":{"0":{"start":{"line":17,"column":6},"end":{"line":17,"column":null}},"1":{"start":{"line":21,"column":0},"end":{"line":23,"column":null}},"2":{"start":{"line":22,"column":2},"end":{"line":22,"column":null}},"3":{"start":{"line":25,"column":0},"end":{"line":43,"column":null}},"4":{"start":{"line":29,"column":22},"end":{"line":29,"column":null}},"5":{"start":{"line":30,"column":4},"end":{"line":33,"column":null}},"6":{"start":{"line":31,"column":6},"end":{"line":31,"column":null}},"7":{"start":{"line":32,"column":6},"end":{"line":32,"column":null}},"8":{"start":{"line":34,"column":16},"end":{"line":34,"column":null}},"9":{"start":{"line":35,"column":4},"end":{"line":41,"column":null}},"10":{"start":{"line":36,"column":6},"end":{"line":36,"column":null}},"11":{"start":{"line":37,"column":6},"end":{"line":37,"column":null}},"12":{"start":{"line":39,"column":6},"end":{"line":39,"column":null}},"13":{"start":{"line":40,"column":6},"end":{"line":40,"column":null}},"14":{"start":{"line":45,"column":0},"end":{"line":45,"column":null}},"15":{"start":{"line":47,"column":0},"end":{"line":65,"column":null}},"16":{"start":{"line":52,"column":8},"end":{"line":56,"column":null}},"17":{"start":{"line":59,"column":8},"end":{"line":61,"column":null}},"18":{"start":{"line":69,"column":51},"end":{"line":75,"column":null}},"19":{"start":{"line":76,"column":0},"end":{"line":78,"column":null}},"20":{"start":{"line":77,"column":2},"end":{"line":77,"column":null}},"21":{"start":{"line":79,"column":0},"end":{"line":79,"column":null}},"22":{"start":{"line":82,"column":0},"end":{"line":89,"column":null}},"23":{"start":{"line":90,"column":0},"end":{"line":90,"column":null}},"24":{"start":{"line":91,"column":0},"end":{"line":91,"column":null}},"25":{"start":{"line":93,"column":0},"end":{"line":100,"column":null}},"26":{"start":{"line":94,"column":28},"end":{"line":99,"column":4}},"27":{"start":{"line":105,"column":0},"end":{"line":114,"column":null}},"28":{"start":{"line":118,"column":0},"end":{"line":127,"column":null}},"29":{"start":{"line":131,"column":0},"end":{"line":140,"column":null}},"30":{"start":{"line":142,"column":0},"end":{"line":142,"column":null}}},"fnMap":{"0":{"name":"(anonymous_0)","decl":{"start":{"line":21,"column":24},"end":{"line":21,"column":25}},"loc":{"start":{"line":21,"column":39},"end":{"line":23,"column":1}},"line":21},"1":{"name":"(anonymous_1)","decl":{"start":{"line":28,"column":2},"end":{"line":28,"column":9}},"loc":{"start":{"line":28,"column":22},"end":{"line":42,"column":null}},"line":28},"2":{"name":"req","decl":{"start":{"line":51,"column":6},"end":{"line":51,"column":10}},"loc":{"start":{"line":51,"column":15},"end":{"line":57,"column":null}},"line":51},"3":{"name":"res","decl":{"start":{"line":58,"column":6},"end":{"line":58,"column":10}},"loc":{"start":{"line":58,"column":15},"end":{"line":62,"column":null}},"line":58},"4":{"name":"(anonymous_4)","decl":{"start":{"line":94,"column":18},"end":{"line":94,"column":19}},"loc":{"start":{"line":94,"column":28},"end":{"line":99,"column":4}},"line":94}},"branchMap":{"0":{"loc":{"start":{"line":30,"column":4},"end":{"line":33,"column":null}},"type":"if","locations":[{"start":{"line":30,"column":4},"end":{"line":33,"column":null}},{"start":{},"end":{}}],"line":30},"1":{"loc":{"start":{"line":34,"column":16},"end":{"line":34,"column":null}},"type":"cond-expr","locations":[{"start":{"line":34,"column":43},"end":{"line":34,"column":58}},{"start":{"line":34,"column":58},"end":{"line":34,"column":null}}],"line":34},"2":{"loc":{"start":{"line":76,"column":0},"end":{"line":78,"column":null}},"type":"if","locations":[{"start":{"line":76,"column":0},"end":{"line":78,"column":null}},{"start":{},"end":{}}],"line":76},"3":{"loc":{"start":{"line":95,"column":20},"end":{"line":96,"column":null}},"type":"binary-expr","locations":[{"start":{"line":95,"column":20},"end":{"line":96,"column":32}},{"start":{"line":96,"column":32},"end":{"line":96,"column":null}}],"line":95}},"s":{"0":4,"1":4,"2":0,"3":4,"4":0,"5":0,"6":0,"7":0,"8":0,"9":0,"10":0,"11":0,"12":0,"13":0,"14":4,"15":4,"16":57,"17":57,"18":4,"19":4,"20":4,"21":4,"22":4,"23":4,"24":4,"25":4,"26":0,"27":4,"28":4,"29":4,"30":4},"f":{"0":0,"1":0,"2":57,"3":57,"4":0},"b":{"0":[0,0],"1":[0,0],"2":[4,0],"3":[0,0]},"meta":{"lastBranch":4,"lastFunction":5,"lastStatement":31,"seen":{"s:17:6:17:Infinity":0,"s:21:0:23:Infinity":1,"f:21:24:21:25":0,"s:22:2:22:Infinity":2,"s:25:0:43:Infinity":3,"f:28:2:28:9":1,"s:29:22:29:Infinity":4,"b:30:4:33:Infinity:undefined:undefined:undefined:undefined":0,"s:30:4:33:Infinity":5,"s:31:6:31:Infinity":6,"s:32:6:32:Infinity":7,"s:34:16:34:Infinity":8,"b:34:43:34:58:34:58:34:Infinity":1,"s:35:4:41:Infinity":9,"s:36:6:36:Infinity":10,"s:37:6:37:Infinity":11,"s:39:6:39:Infinity":12,"s:40:6:40:Infinity":13,"s:45:0:45:Infinity":14,"s:47:0:65:Infinity":15,"f:51:6:51:10":2,"s:52:8:56:Infinity":16,"f:58:6:58:10":3,"s:59:8:61:Infinity":17,"s:69:51:75:Infinity":18,"b:76:0:78:Infinity:undefined:undefined:undefined:undefined":2,"s:76:0:78:Infinity":19,"s:77:2:77:Infinity":20,"s:79:0:79:Infinity":21,"s:82:0:89:Infinity":22,"s:90:0:90:Infinity":23,"s:91:0:91:Infinity":24,"s:93:0:100:Infinity":25,"f:94:18:94:19":4,"s:94:28:99:4":26,"b:95:20:96:32:96:32:96:Infinity":3,"s:105:0:114:Infinity":27,"s:118:0:127:Infinity":28,"s:131:0:140:Infinity":29,"s:142:0:142:Infinity":30},"fnNames":{}}}
,"/home/runner/workspace/artifacts/api-server/src/index.ts": {"path":"/home/runner/workspace/artifacts/api-server/src/index.ts","statementMap":{"0":{"start":{"line":6,"column":0},"end":{"line":8,"column":null}},"1":{"start":{"line":7,"column":2},"end":{"line":7,"column":null}},"2":{"start":{"line":9,"column":0},"end":{"line":11,"column":null}},"3":{"start":{"line":10,"column":2},"end":{"line":10,"column":null}},"4":{"start":{"line":13,"column":13},"end":{"line":13,"column":null}},"5":{"start":{"line":16,"column":22},"end":{"line":16,"column":null}},"6":{"start":{"line":17,"column":2},"end":{"line":20,"column":null}},"7":{"start":{"line":18,"column":4},"end":{"line":18,"column":null}},"8":{"start":{"line":19,"column":4},"end":{"line":19,"column":null}},"9":{"start":{"line":22,"column":2},"end":{"line":38,"column":null}},"10":{"start":{"line":23,"column":4},"end":{"line":23,"column":null}},"11":{"start":{"line":24,"column":4},"end":{"line":24,"column":null}},"12":{"start":{"line":25,"column":4},"end":{"line":25,"column":null}},"13":{"start":{"line":27,"column":23},"end":{"line":27,"column":null}},"14":{"start":{"line":29,"column":27},"end":{"line":29,"column":null}},"15":{"start":{"line":30,"column":4},"end":{"line":30,"column":null}},"16":{"start":{"line":31,"column":4},"end":{"line":31,"column":null}},"17":{"start":{"line":33,"column":4},"end":{"line":35,"column":null}},"18":{"start":{"line":34,"column":18},"end":{"line":34,"column":57}},"19":{"start":{"line":35,"column":22},"end":{"line":35,"column":68}},"20":{"start":{"line":37,"column":4},"end":{"line":37,"column":null}},"21":{"start":{"line":41,"column":0},"end":{"line":50,"column":null}},"22":{"start":{"line":42,"column":2},"end":{"line":45,"column":null}},"23":{"start":{"line":43,"column":4},"end":{"line":43,"column":null}},"24":{"start":{"line":44,"column":4},"end":{"line":44,"column":null}},"25":{"start":{"line":47,"column":2},"end":{"line":47,"column":null}},"26":{"start":{"line":49,"column":2},"end":{"line":49,"column":null}},"27":{"start":{"line":49,"column":30},"end":{"line":49,"column":73}}},"fnMap":{"0":{"name":"(anonymous_0)","decl":{"start":{"line":6,"column":32},"end":{"line":6,"column":33}},"loc":{"start":{"line":6,"column":41},"end":{"line":8,"column":1}},"line":6},"1":{"name":"(anonymous_1)","decl":{"start":{"line":9,"column":33},"end":{"line":9,"column":34}},"loc":{"start":{"line":9,"column":42},"end":{"line":11,"column":1}},"line":9},"2":{"name":"initStripe","decl":{"start":{"line":15,"column":15},"end":{"line":15,"column":28}},"loc":{"start":{"line":15,"column":28},"end":{"line":39,"column":null}},"line":15},"3":{"name":"(anonymous_3)","decl":{"start":{"line":34,"column":12},"end":{"line":34,"column":18}},"loc":{"start":{"line":34,"column":18},"end":{"line":34,"column":57}},"line":34},"4":{"name":"(anonymous_4)","decl":{"start":{"line":35,"column":13},"end":{"line":35,"column":14}},"loc":{"start":{"line":35,"column":22},"end":{"line":35,"column":68}},"line":35},"5":{"name":"(anonymous_5)","decl":{"start":{"line":41,"column":17},"end":{"line":41,"column":18}},"loc":{"start":{"line":41,"column":26},"end":{"line":50,"column":1}},"line":41},"6":{"name":"(anonymous_6)","decl":{"start":{"line":49,"column":21},"end":{"line":49,"column":22}},"loc":{"start":{"line":49,"column":30},"end":{"line":49,"column":73}},"line":49}},"branchMap":{"0":{"loc":{"start":{"line":13,"column":20},"end":{"line":13,"column":47}},"type":"binary-expr","locations":[{"start":{"line":13,"column":20},"end":{"line":13,"column":43}},{"start":{"line":13,"column":43},"end":{"line":13,"column":47}}],"line":13},"1":{"loc":{"start":{"line":17,"column":2},"end":{"line":20,"column":null}},"type":"if","locations":[{"start":{"line":17,"column":2},"end":{"line":20,"column":null}},{"start":{},"end":{}}],"line":17},"2":{"loc":{"start":{"line":29,"column":27},"end":{"line":29,"column":null}},"type":"binary-expr","locations":[{"start":{"line":29,"column":27},"end":{"line":29,"column":51}},{"start":{"line":29,"column":51},"end":{"line":29,"column":null}}],"line":29},"3":{"loc":{"start":{"line":42,"column":2},"end":{"line":45,"column":null}},"type":"if","locations":[{"start":{"line":42,"column":2},"end":{"line":45,"column":null}},{"start":{},"end":{}}],"line":42}},"s":{"0":0,"1":0,"2":0,"3":0,"4":0,"5":0,"6":0,"7":0,"8":0,"9":0,"10":0,"11":0,"12":0,"13":0,"14":0,"15":0,"16":0,"17":0,"18":0,"19":0,"20":0,"21":0,"22":0,"23":0,"24":0,"25":0,"26":0,"27":0},"f":{"0":0,"1":0,"2":0,"3":0,"4":0,"5":0,"6":0},"b":{"0":[0,0],"1":[0,0],"2":[0,0],"3":[0,0]},"meta":{"lastBranch":4,"lastFunction":7,"lastStatement":28,"seen":{"s:6:0:8:Infinity":0,"f:6:32:6:33":0,"s:7:2:7:Infinity":1,"s:9:0:11:Infinity":2,"f:9:33:9:34":1,"s:10:2:10:Infinity":3,"s:13:13:13:Infinity":4,"b:13:20:13:43:13:43:13:47":0,"f:15:15:15:28":2,"s:16:22:16:Infinity":5,"b:17:2:20:Infinity:undefined:undefined:undefined:undefined":1,"s:17:2:20:Infinity":6,"s:18:4:18:Infinity":7,"s:19:4:19:Infinity":8,"s:22:2:38:Infinity":9,"s:23:4:23:Infinity":10,"s:24:4:24:Infinity":11,"s:25:4:25:Infinity":12,"s:27:23:27:Infinity":13,"s:29:27:29:Infinity":14,"b:29:27:29:51:29:51:29:Infinity":2,"s:30:4:30:Infinity":15,"s:31:4:31:Infinity":16,"s:33:4:35:Infinity":17,"f:34:12:34:18":3,"s:34:18:34:57":18,"f:35:13:35:14":4,"s:35:22:35:68":19,"s:37:4:37:Infinity":20,"s:41:0:50:Infinity":21,"f:41:17:41:18":5,"b:42:2:45:Infinity:undefined:undefined:undefined:undefined":3,"s:42:2:45:Infinity":22,"s:43:4:43:Infinity":23,"s:44:4:44:Infinity":24,"s:47:2:47:Infinity":25,"s:49:2:49:Infinity":26,"f:49:21:49:22":6,"s:49:30:49:73":27},"fnNames":{}}}
,"/home/runner/workspace/artifacts/api-server/src/stripeClient.ts": {"path":"/home/runner/workspace/artifacts/api-server/src/stripeClient.ts","statementMap":{"0":{"start":{"line":4,"column":20},"end":{"line":4,"column":null}},"1":{"start":{"line":6,"column":2},"end":{"line":11,"column":null}},"2":{"start":{"line":7,"column":4},"end":{"line":10,"column":null}},"3":{"start":{"line":13,"column":19},"end":{"line":13,"column":null}},"4":{"start":{"line":14,"column":23},"end":{"line":18,"column":null}},"5":{"start":{"line":20,"column":2},"end":{"line":48,"column":null}},"6":{"start":{"line":21,"column":25},"end":{"line":21,"column":null}},"7":{"start":{"line":22,"column":30},"end":{"line":22,"column":null}},"8":{"start":{"line":24,"column":16},"end":{"line":24,"column":null}},"9":{"start":{"line":25,"column":4},"end":{"line":25,"column":null}},"10":{"start":{"line":26,"column":4},"end":{"line":26,"column":null}},"11":{"start":{"line":27,"column":4},"end":{"line":27,"column":null}},"12":{"start":{"line":29,"column":17},"end":{"line":35,"column":null}},"13":{"start":{"line":37,"column":4},"end":{"line":47,"column":null}},"14":{"start":{"line":38,"column":19},"end":{"line":38,"column":null}},"15":{"start":{"line":39,"column":23},"end":{"line":39,"column":null}},"16":{"start":{"line":40,"column":6},"end":{"line":46,"column":null}},"17":{"start":{"line":41,"column":24},"end":{"line":41,"column":null}},"18":{"start":{"line":42,"column":8},"end":{"line":45,"column":null}},"19":{"start":{"line":50,"column":2},"end":{"line":55,"column":null}},"20":{"start":{"line":51,"column":4},"end":{"line":54,"column":null}},"21":{"start":{"line":57,"column":2},"end":{"line":59,"column":null}},"22":{"start":{"line":63,"column":24},"end":{"line":63,"column":null}},"23":{"start":{"line":64,"column":2},"end":{"line":64,"column":null}},"24":{"start":{"line":68,"column":29},"end":{"line":68,"column":null}},"25":{"start":{"line":69,"column":2},"end":{"line":69,"column":null}},"26":{"start":{"line":73,"column":25},"end":{"line":73,"column":null}},"27":{"start":{"line":74,"column":22},"end":{"line":74,"column":null}},"28":{"start":{"line":75,"column":2},"end":{"line":75,"column":null}},"29":{"start":{"line":75,"column":20},"end":{"line":75,"column":null}},"30":{"start":{"line":76,"column":24},"end":{"line":76,"column":null}},"31":{"start":{"line":77,"column":2},"end":{"line":80,"column":null}}},"fnMap":{"0":{"name":"getStripeCredentials","decl":{"start":{"line":3,"column":15},"end":{"line":3,"column":94}},"loc":{"start":{"line":3,"column":94},"end":{"line":60,"column":null}},"line":3},"1":{"name":"getUncachableStripeClient","decl":{"start":{"line":62,"column":22},"end":{"line":62,"column":67}},"loc":{"start":{"line":62,"column":67},"end":{"line":65,"column":null}},"line":62},"2":{"name":"getStripePublishableKey","decl":{"start":{"line":67,"column":22},"end":{"line":67,"column":65}},"loc":{"start":{"line":67,"column":65},"end":{"line":70,"column":null}},"line":67},"3":{"name":"getStripeSync","decl":{"start":{"line":72,"column":22},"end":{"line":72,"column":38}},"loc":{"start":{"line":72,"column":38},"end":{"line":81,"column":null}},"line":72}},"branchMap":{"0":{"loc":{"start":{"line":6,"column":2},"end":{"line":11,"column":null}},"type":"if","locations":[{"start":{"line":6,"column":2},"end":{"line":11,"column":null}},{"start":{},"end":{}}],"line":6},"1":{"loc":{"start":{"line":6,"column":6},"end":{"line":6,"column":53}},"type":"binary-expr","locations":[{"start":{"line":6,"column":6},"end":{"line":6,"column":19}},{"start":{"line":6,"column":19},"end":{"line":6,"column":53}}],"line":6},"2":{"loc":{"start":{"line":9,"column":22},"end":{"line":9,"column":null}},"type":"binary-expr","locations":[{"start":{"line":9,"column":22},"end":{"line":9,"column":60}},{"start":{"line":9,"column":60},"end":{"line":9,"column":null}}],"line":9},"3":{"loc":{"start":{"line":14,"column":23},"end":{"line":18,"column":null}},"type":"cond-expr","locations":[{"start":{"line":15,"column":6},"end":{"line":15,"column":null}},{"start":{"line":16,"column":6},"end":{"line":18,"column":null}}],"line":14},"4":{"loc":{"start":{"line":16,"column":6},"end":{"line":18,"column":null}},"type":"cond-expr","locations":[{"start":{"line":17,"column":8},"end":{"line":17,"column":null}},{"start":{"line":18,"column":8},"end":{"line":18,"column":null}}],"line":16},"5":{"loc":{"start":{"line":20,"column":2},"end":{"line":48,"column":null}},"type":"if","locations":[{"start":{"line":20,"column":2},"end":{"line":48,"column":null}},{"start":{},"end":{}}],"line":20},"6":{"loc":{"start":{"line":20,"column":6},"end":{"line":20,"column":32}},"type":"binary-expr","locations":[{"start":{"line":20,"column":6},"end":{"line":20,"column":18}},{"start":{"line":20,"column":18},"end":{"line":20,"column":32}}],"line":20},"7":{"loc":{"start":{"line":22,"column":30},"end":{"line":22,"column":null}},"type":"cond-expr","locations":[{"start":{"line":22,"column":45},"end":{"line":22,"column":60}},{"start":{"line":22,"column":60},"end":{"line":22,"column":null}}],"line":22},"8":{"loc":{"start":{"line":37,"column":4},"end":{"line":47,"column":null}},"type":"if","locations":[{"start":{"line":37,"column":4},"end":{"line":47,"column":null}},{"start":{},"end":{}}],"line":37},"9":{"loc":{"start":{"line":40,"column":6},"end":{"line":46,"column":null}},"type":"if","locations":[{"start":{"line":40,"column":6},"end":{"line":46,"column":null}},{"start":{},"end":{}}],"line":40},"10":{"loc":{"start":{"line":40,"column":10},"end":{"line":40,"column":53}},"type":"binary-expr","locations":[{"start":{"line":40,"column":10},"end":{"line":40,"column":30}},{"start":{"line":40,"column":30},"end":{"line":40,"column":53}}],"line":40},"11":{"loc":{"start":{"line":41,"column":24},"end":{"line":41,"column":null}},"type":"cond-expr","locations":[{"start":{"line":41,"column":73},"end":{"line":41,"column":85}},{"start":{"line":41,"column":85},"end":{"line":41,"column":null}}],"line":41},"12":{"loc":{"start":{"line":41,"column":24},"end":{"line":41,"column":73}},"type":"binary-expr","locations":[{"start":{"line":41,"column":24},"end":{"line":41,"column":37}},{"start":{"line":41,"column":37},"end":{"line":41,"column":73}}],"line":41},"13":{"loc":{"start":{"line":50,"column":2},"end":{"line":55,"column":null}},"type":"if","locations":[{"start":{"line":50,"column":2},"end":{"line":55,"column":null}},{"start":{},"end":{}}],"line":50},"14":{"loc":{"start":{"line":53,"column":22},"end":{"line":53,"column":null}},"type":"binary-expr","locations":[{"start":{"line":53,"column":22},"end":{"line":53,"column":60}},{"start":{"line":53,"column":60},"end":{"line":53,"column":null}}],"line":53},"15":{"loc":{"start":{"line":75,"column":2},"end":{"line":75,"column":null}},"type":"if","locations":[{"start":{"line":75,"column":2},"end":{"line":75,"column":null}},{"start":{},"end":{}}],"line":75}},"s":{"0":0,"1":0,"2":0,"3":0,"4":0,"5":0,"6":0,"7":0,"8":0,"9":0,"10":0,"11":0,"12":0,"13":0,"14":0,"15":0,"16":0,"17":0,"18":0,"19":0,"20":0,"21":0,"22":0,"23":0,"24":0,"25":0,"26":0,"27":0,"28":0,"29":0,"30":0,"31":0},"f":{"0":0,"1":0,"2":0,"3":0},"b":{"0":[0,0],"1":[0,0],"2":[0,0],"3":[0,0],"4":[0,0],"5":[0,0],"6":[0,0],"7":[0,0],"8":[0,0],"9":[0,0],"10":[0,0],"11":[0,0],"12":[0,0],"13":[0,0],"14":[0,0],"15":[0,0]},"meta":{"lastBranch":16,"lastFunction":4,"lastStatement":32,"seen":{"f:3:15:3:94":0,"s:4:20:4:Infinity":0,"b:6:2:11:Infinity:undefined:undefined:undefined:undefined":0,"s:6:2:11:Infinity":1,"b:6:6:6:19:6:19:6:53":1,"s:7:4:10:Infinity":2,"b:9:22:9:60:9:60:9:Infinity":2,"s:13:19:13:Infinity":3,"s:14:23:18:Infinity":4,"b:15:6:15:Infinity:16:6:18:Infinity":3,"b:17:8:17:Infinity:18:8:18:Infinity":4,"b:20:2:48:Infinity:undefined:undefined:undefined:undefined":5,"s:20:2:48:Infinity":5,"b:20:6:20:18:20:18:20:32":6,"s:21:25:21:Infinity":6,"s:22:30:22:Infinity":7,"b:22:45:22:60:22:60:22:Infinity":7,"s:24:16:24:Infinity":8,"s:25:4:25:Infinity":9,"s:26:4:26:Infinity":10,"s:27:4:27:Infinity":11,"s:29:17:35:Infinity":12,"b:37:4:47:Infinity:undefined:undefined:undefined:undefined":8,"s:37:4:47:Infinity":13,"s:38:19:38:Infinity":14,"s:39:23:39:Infinity":15,"b:40:6:46:Infinity:undefined:undefined:undefined:undefined":9,"s:40:6:46:Infinity":16,"b:40:10:40:30:40:30:40:53":10,"s:41:24:41:Infinity":17,"b:41:73:41:85:41:85:41:Infinity":11,"b:41:24:41:37:41:37:41:73":12,"s:42:8:45:Infinity":18,"b:50:2:55:Infinity:undefined:undefined:undefined:undefined":13,"s:50:2:55:Infinity":19,"s:51:4:54:Infinity":20,"b:53:22:53:60:53:60:53:Infinity":14,"s:57:2:59:Infinity":21,"f:62:22:62:67":1,"s:63:24:63:Infinity":22,"s:64:2:64:Infinity":23,"f:67:22:67:65":2,"s:68:29:68:Infinity":24,"s:69:2:69:Infinity":25,"f:72:22:72:38":3,"s:73:25:73:Infinity":26,"s:74:22:74:Infinity":27,"b:75:2:75:Infinity:undefined:undefined:undefined:undefined":15,"s:75:2:75:Infinity":28,"s:75:20:75:Infinity":29,"s:76:24:76:Infinity":30,"s:77:2:80:Infinity":31},"fnNames":{}}}
,"/home/runner/workspace/artifacts/api-server/src/webhookHandlers.ts": {"path":"/home/runner/workspace/artifacts/api-server/src/webhookHandlers.ts","statementMap":{"0":{"start":{"line":14,"column":2},"end":{"line":14,"column":null}},"1":{"start":{"line":14,"column":42},"end":{"line":14,"column":null}},"2":{"start":{"line":16,"column":22},"end":{"line":20,"column":null}},"3":{"start":{"line":22,"column":2},"end":{"line":25,"column":null}},"4":{"start":{"line":23,"column":4},"end":{"line":23,"column":null}},"5":{"start":{"line":24,"column":4},"end":{"line":24,"column":null}},"6":{"start":{"line":27,"column":8},"end":{"line":27,"column":null}},"7":{"start":{"line":28,"column":2},"end":{"line":28,"column":null}},"8":{"start":{"line":28,"column":18},"end":{"line":28,"column":null}},"9":{"start":{"line":30,"column":17},"end":{"line":30,"column":null}},"10":{"start":{"line":32,"column":2},"end":{"line":42,"column":null}},"11":{"start":{"line":33,"column":20},"end":{"line":33,"column":null}},"12":{"start":{"line":34,"column":4},"end":{"line":38,"column":null}},"13":{"start":{"line":35,"column":6},"end":{"line":36,"column":null}},"14":{"start":{"line":37,"column":6},"end":{"line":37,"column":null}},"15":{"start":{"line":40,"column":4},"end":{"line":40,"column":null}},"16":{"start":{"line":41,"column":4},"end":{"line":41,"column":null}},"17":{"start":{"line":44,"column":2},"end":{"line":52,"column":null}},"18":{"start":{"line":54,"column":2},"end":{"line":54,"column":null}},"19":{"start":{"line":59,"column":4},"end":{"line":64,"column":null}},"20":{"start":{"line":60,"column":6},"end":{"line":63,"column":null}},"21":{"start":{"line":67,"column":4},"end":{"line":71,"column":null}},"22":{"start":{"line":68,"column":6},"end":{"line":68,"column":null}},"23":{"start":{"line":70,"column":6},"end":{"line":70,"column":null}},"24":{"start":{"line":74,"column":4},"end":{"line":79,"column":null}},"25":{"start":{"line":75,"column":19},"end":{"line":75,"column":null}},"26":{"start":{"line":76,"column":6},"end":{"line":76,"column":null}},"27":{"start":{"line":78,"column":6},"end":{"line":78,"column":null}},"28":{"start":{"line":82,"column":4},"end":{"line":134,"column":null}},"29":{"start":{"line":83,"column":22},"end":{"line":83,"column":null}},"30":{"start":{"line":84,"column":24},"end":{"line":84,"column":null}},"31":{"start":{"line":85,"column":22},"end":{"line":85,"column":null}},"32":{"start":{"line":86,"column":27},"end":{"line":86,"column":null}},"33":{"start":{"line":87,"column":25},"end":{"line":87,"column":null}},"34":{"start":{"line":88,"column":29},"end":{"line":88,"column":null}},"35":{"start":{"line":89,"column":19},"end":{"line":89,"column":null}},"36":{"start":{"line":92,"column":6},"end":{"line":103,"column":null}},"37":{"start":{"line":93,"column":8},"end":{"line":101,"column":null}},"38":{"start":{"line":102,"column":8},"end":{"line":102,"column":null}},"39":{"start":{"line":107,"column":6},"end":{"line":115,"column":null}},"40":{"start":{"line":108,"column":28},"end":{"line":108,"column":null}},"41":{"start":{"line":109,"column":8},"end":{"line":114,"column":null}},"42":{"start":{"line":118,"column":6},"end":{"line":133,"column":null}},"43":{"start":{"line":119,"column":22},"end":{"line":119,"column":null}},"44":{"start":{"line":120,"column":8},"end":{"line":132,"column":null}},"45":{"start":{"line":121,"column":24},"end":{"line":121,"column":null}},"46":{"start":{"line":122,"column":10},"end":{"line":130,"column":null}},"47":{"start":{"line":131,"column":10},"end":{"line":131,"column":null}},"48":{"start":{"line":137,"column":4},"end":{"line":159,"column":null}},"49":{"start":{"line":138,"column":22},"end":{"line":138,"column":null}},"50":{"start":{"line":139,"column":25},"end":{"line":139,"column":null}},"51":{"start":{"line":140,"column":25},"end":{"line":140,"column":null}},"52":{"start":{"line":142,"column":6},"end":{"line":158,"column":null}},"53":{"start":{"line":143,"column":26},"end":{"line":147,"column":null}},"54":{"start":{"line":149,"column":8},"end":{"line":157,"column":null}},"55":{"start":{"line":150,"column":32},"end":{"line":150,"column":null}},"56":{"start":{"line":151,"column":10},"end":{"line":156,"column":null}},"57":{"start":{"line":162,"column":4},"end":{"line":179,"column":null}},"58":{"start":{"line":163,"column":27},"end":{"line":163,"column":null}},"59":{"start":{"line":164,"column":25},"end":{"line":164,"column":null}},"60":{"start":{"line":165,"column":6},"end":{"line":178,"column":null}},"61":{"start":{"line":166,"column":8},"end":{"line":169,"column":null}},"62":{"start":{"line":171,"column":8},"end":{"line":175,"column":null}},"63":{"start":{"line":177,"column":8},"end":{"line":177,"column":null}}},"fnMap":{"0":{"name":"sendAffiliateTransfer","decl":{"start":{"line":8,"column":15},"end":{"line":8,"column":null}},"loc":{"start":{"line":13,"column":17},"end":{"line":55,"column":null}},"line":13},"1":{"name":"processWebhook","decl":{"start":{"line":58,"column":15},"end":{"line":58,"column":30}},"loc":{"start":{"line":58,"column":81},"end":{"line":180,"column":null}},"line":58}},"branchMap":{"0":{"loc":{"start":{"line":14,"column":2},"end":{"line":14,"column":null}},"type":"if","locations":[{"start":{"line":14,"column":2},"end":{"line":14,"column":null}},{"start":{},"end":{}}],"line":14},"1":{"loc":{"start":{"line":14,"column":6},"end":{"line":14,"column":42}},"type":"binary-expr","locations":[{"start":{"line":14,"column":6},"end":{"line":14,"column":24}},{"start":{"line":14,"column":24},"end":{"line":14,"column":42}}],"line":14},"2":{"loc":{"start":{"line":22,"column":2},"end":{"line":25,"column":null}},"type":"if","locations":[{"start":{"line":22,"column":2},"end":{"line":25,"column":null}},{"start":{},"end":{}}],"line":22},"3":{"loc":{"start":{"line":28,"column":2},"end":{"line":28,"column":null}},"type":"if","locations":[{"start":{"line":28,"column":2},"end":{"line":28,"column":null}},{"start":{},"end":{}}],"line":28},"4":{"loc":{"start":{"line":34,"column":4},"end":{"line":38,"column":null}},"type":"if","locations":[{"start":{"line":34,"column":4},"end":{"line":38,"column":null}},{"start":{},"end":{}}],"line":34},"5":{"loc":{"start":{"line":59,"column":4},"end":{"line":64,"column":null}},"type":"if","locations":[{"start":{"line":59,"column":4},"end":{"line":64,"column":null}},{"start":{},"end":{}}],"line":59},"6":{"loc":{"start":{"line":82,"column":4},"end":{"line":134,"column":null}},"type":"if","locations":[{"start":{"line":82,"column":4},"end":{"line":134,"column":null}},{"start":{},"end":{}}],"line":82},"7":{"loc":{"start":{"line":83,"column":22},"end":{"line":83,"column":null}},"type":"binary-expr","locations":[{"start":{"line":83,"column":22},"end":{"line":83,"column":44}},{"start":{"line":83,"column":44},"end":{"line":83,"column":null}}],"line":83},"8":{"loc":{"start":{"line":86,"column":27},"end":{"line":86,"column":null}},"type":"binary-expr","locations":[{"start":{"line":86,"column":27},"end":{"line":86,"column":61}},{"start":{"line":86,"column":61},"end":{"line":86,"column":null}}],"line":86},"9":{"loc":{"start":{"line":87,"column":25},"end":{"line":87,"column":null}},"type":"binary-expr","locations":[{"start":{"line":87,"column":25},"end":{"line":87,"column":45}},{"start":{"line":87,"column":45},"end":{"line":87,"column":null}}],"line":87},"10":{"loc":{"start":{"line":88,"column":29},"end":{"line":88,"column":null}},"type":"binary-expr","locations":[{"start":{"line":88,"column":29},"end":{"line":88,"column":53}},{"start":{"line":88,"column":53},"end":{"line":88,"column":null}}],"line":88},"11":{"loc":{"start":{"line":92,"column":6},"end":{"line":103,"column":null}},"type":"if","locations":[{"start":{"line":92,"column":6},"end":{"line":103,"column":null}},{"start":{},"end":{}}],"line":92},"12":{"loc":{"start":{"line":99,"column":16},"end":{"line":99,"column":null}},"type":"cond-expr","locations":[{"start":{"line":99,"column":31},"end":{"line":99,"column":50}},{"start":{"line":99,"column":50},"end":{"line":99,"column":null}}],"line":99},"13":{"loc":{"start":{"line":107,"column":6},"end":{"line":115,"column":null}},"type":"if","locations":[{"start":{"line":107,"column":6},"end":{"line":115,"column":null}},{"start":{},"end":{}}],"line":107},"14":{"loc":{"start":{"line":107,"column":10},"end":{"line":107,"column":46}},"type":"binary-expr","locations":[{"start":{"line":107,"column":10},"end":{"line":107,"column":26}},{"start":{"line":107,"column":26},"end":{"line":107,"column":46}}],"line":107},"15":{"loc":{"start":{"line":108,"column":28},"end":{"line":108,"column":null}},"type":"binary-expr","locations":[{"start":{"line":108,"column":28},"end":{"line":108,"column":52}},{"start":{"line":108,"column":52},"end":{"line":108,"column":null}}],"line":108},"16":{"loc":{"start":{"line":118,"column":6},"end":{"line":133,"column":null}},"type":"if","locations":[{"start":{"line":118,"column":6},"end":{"line":133,"column":null}},{"start":{},"end":{}}],"line":118},"17":{"loc":{"start":{"line":119,"column":22},"end":{"line":119,"column":null}},"type":"binary-expr","locations":[{"start":{"line":119,"column":22},"end":{"line":119,"column":57}},{"start":{"line":119,"column":57},"end":{"line":119,"column":83}},{"start":{"line":119,"column":83},"end":{"line":119,"column":null}}],"line":119},"18":{"loc":{"start":{"line":120,"column":8},"end":{"line":132,"column":null}},"type":"if","locations":[{"start":{"line":120,"column":8},"end":{"line":132,"column":null}},{"start":{},"end":{}}],"line":120},"19":{"loc":{"start":{"line":137,"column":4},"end":{"line":159,"column":null}},"type":"if","locations":[{"start":{"line":137,"column":4},"end":{"line":159,"column":null}},{"start":{},"end":{}}],"line":137},"20":{"loc":{"start":{"line":138,"column":22},"end":{"line":138,"column":null}},"type":"binary-expr","locations":[{"start":{"line":138,"column":22},"end":{"line":138,"column":44}},{"start":{"line":138,"column":44},"end":{"line":138,"column":null}}],"line":138},"21":{"loc":{"start":{"line":140,"column":25},"end":{"line":140,"column":null}},"type":"binary-expr","locations":[{"start":{"line":140,"column":25},"end":{"line":140,"column":48}},{"start":{"line":140,"column":48},"end":{"line":140,"column":null}}],"line":140},"22":{"loc":{"start":{"line":142,"column":6},"end":{"line":158,"column":null}},"type":"if","locations":[{"start":{"line":142,"column":6},"end":{"line":158,"column":null}},{"start":{},"end":{}}],"line":142},"23":{"loc":{"start":{"line":142,"column":10},"end":{"line":142,"column":40}},"type":"binary-expr","locations":[{"start":{"line":142,"column":10},"end":{"line":142,"column":24}},{"start":{"line":142,"column":24},"end":{"line":142,"column":40}}],"line":142},"24":{"loc":{"start":{"line":149,"column":8},"end":{"line":157,"column":null}},"type":"if","locations":[{"start":{"line":149,"column":8},"end":{"line":157,"column":null}},{"start":{},"end":{}}],"line":149},"25":{"loc":{"start":{"line":150,"column":32},"end":{"line":150,"column":null}},"type":"binary-expr","locations":[{"start":{"line":150,"column":32},"end":{"line":150,"column":58}},{"start":{"line":150,"column":58},"end":{"line":150,"column":null}}],"line":150},"26":{"loc":{"start":{"line":162,"column":4},"end":{"line":179,"column":null}},"type":"if","locations":[{"start":{"line":162,"column":4},"end":{"line":179,"column":null}},{"start":{},"end":{}}],"line":162},"27":{"loc":{"start":{"line":163,"column":27},"end":{"line":163,"column":null}},"type":"binary-expr","locations":[{"start":{"line":163,"column":27},"end":{"line":163,"column":49}},{"start":{"line":163,"column":49},"end":{"line":163,"column":null}}],"line":163},"28":{"loc":{"start":{"line":165,"column":6},"end":{"line":178,"column":null}},"type":"if","locations":[{"start":{"line":165,"column":6},"end":{"line":178,"column":null}},{"start":{},"end":{}}],"line":165}},"s":{"0":1,"1":0,"2":1,"3":1,"4":1,"5":1,"6":0,"7":0,"8":0,"9":0,"10":0,"11":0,"12":0,"13":0,"14":0,"15":0,"16":0,"17":0,"18":0,"19":7,"20":1,"21":6,"22":6,"23":1,"24":5,"25":5,"26":5,"27":0,"28":5,"29":2,"30":2,"31":2,"32":2,"33":2,"34":2,"35":2,"36":2,"37":1,"38":1,"39":2,"40":0,"41":0,"42":2,"43":0,"44":0,"45":0,"46":0,"47":0,"48":5,"49":1,"50":1,"51":1,"52":1,"53":1,"54":1,"55":1,"56":1,"57":5,"58":1,"59":1,"60":1,"61":1,"62":1,"63":1},"f":{"0":1,"1":4},"b":{"0":[0,1],"1":[1,1],"2":[1,0],"3":[0,0],"4":[0,0],"5":[1,6],"6":[2,3],"7":[2,0],"8":[2,2],"9":[2,0],"10":[2,2],"11":[1,1],"12":[0,1],"13":[0,2],"14":[2,0],"15":[0,0],"16":[0,2],"17":[0,0,0],"18":[0,0],"19":[1,4],"20":[1,0],"21":[1,0],"22":[1,0],"23":[1,1],"24":[1,0],"25":[1,0],"26":[1,4],"27":[1,0],"28":[1,0]},"meta":{"lastBranch":29,"lastFunction":2,"lastStatement":64,"seen":{"f:8:15:8:Infinity":0,"b:14:2:14:Infinity:undefined:undefined:undefined:undefined":0,"s:14:2:14:Infinity":0,"b:14:6:14:24:14:24:14:42":1,"s:14:42:14:Infinity":1,"s:16:22:20:Infinity":2,"b:22:2:25:Infinity:undefined:undefined:undefined:undefined":2,"s:22:2:25:Infinity":3,"s:23:4:23:Infinity":4,"s:24:4:24:Infinity":5,"s:27:8:27:Infinity":6,"b:28:2:28:Infinity:undefined:undefined:undefined:undefined":3,"s:28:2:28:Infinity":7,"s:28:18:28:Infinity":8,"s:30:17:30:Infinity":9,"s:32:2:42:Infinity":10,"s:33:20:33:Infinity":11,"b:34:4:38:Infinity:undefined:undefined:undefined:undefined":4,"s:34:4:38:Infinity":12,"s:35:6:36:Infinity":13,"s:37:6:37:Infinity":14,"s:40:4:40:Infinity":15,"s:41:4:41:Infinity":16,"s:44:2:52:Infinity":17,"s:54:2:54:Infinity":18,"f:58:15:58:30":1,"b:59:4:64:Infinity:undefined:undefined:undefined:undefined":5,"s:59:4:64:Infinity":19,"s:60:6:63:Infinity":20,"s:67:4:71:Infinity":21,"s:68:6:68:Infinity":22,"s:70:6:70:Infinity":23,"s:74:4:79:Infinity":24,"s:75:19:75:Infinity":25,"s:76:6:76:Infinity":26,"s:78:6:78:Infinity":27,"b:82:4:134:Infinity:undefined:undefined:undefined:undefined":6,"s:82:4:134:Infinity":28,"s:83:22:83:Infinity":29,"b:83:22:83:44:83:44:83:Infinity":7,"s:84:24:84:Infinity":30,"s:85:22:85:Infinity":31,"s:86:27:86:Infinity":32,"b:86:27:86:61:86:61:86:Infinity":8,"s:87:25:87:Infinity":33,"b:87:25:87:45:87:45:87:Infinity":9,"s:88:29:88:Infinity":34,"b:88:29:88:53:88:53:88:Infinity":10,"s:89:19:89:Infinity":35,"b:92:6:103:Infinity:undefined:undefined:undefined:undefined":11,"s:92:6:103:Infinity":36,"s:93:8:101:Infinity":37,"b:99:31:99:50:99:50:99:Infinity":12,"s:102:8:102:Infinity":38,"b:107:6:115:Infinity:undefined:undefined:undefined:undefined":13,"s:107:6:115:Infinity":39,"b:107:10:107:26:107:26:107:46":14,"s:108:28:108:Infinity":40,"b:108:28:108:52:108:52:108:Infinity":15,"s:109:8:114:Infinity":41,"b:118:6:133:Infinity:undefined:undefined:undefined:undefined":16,"s:118:6:133:Infinity":42,"s:119:22:119:Infinity":43,"b:119:22:119:57:119:57:119:83:119:83:119:Infinity":17,"b:120:8:132:Infinity:undefined:undefined:undefined:undefined":18,"s:120:8:132:Infinity":44,"s:121:24:121:Infinity":45,"s:122:10:130:Infinity":46,"s:131:10:131:Infinity":47,"b:137:4:159:Infinity:undefined:undefined:undefined:undefined":19,"s:137:4:159:Infinity":48,"s:138:22:138:Infinity":49,"b:138:22:138:44:138:44:138:Infinity":20,"s:139:25:139:Infinity":50,"s:140:25:140:Infinity":51,"b:140:25:140:48:140:48:140:Infinity":21,"b:142:6:158:Infinity:undefined:undefined:undefined:undefined":22,"s:142:6:158:Infinity":52,"b:142:10:142:24:142:24:142:40":23,"s:143:26:147:Infinity":53,"b:149:8:157:Infinity:undefined:undefined:undefined:undefined":24,"s:149:8:157:Infinity":54,"s:150:32:150:Infinity":55,"b:150:32:150:58:150:58:150:Infinity":25,"s:151:10:156:Infinity":56,"b:162:4:179:Infinity:undefined:undefined:undefined:undefined":26,"s:162:4:179:Infinity":57,"s:163:27:163:Infinity":58,"b:163:27:163:49:163:49:163:Infinity":27,"s:164:25:164:Infinity":59,"b:165:6:178:Infinity:undefined:undefined:undefined:undefined":28,"s:165:6:178:Infinity":60,"s:166:8:169:Infinity":61,"s:171:8:175:Infinity":62,"s:177:8:177:Infinity":63},"fnNames":{}}}
,"/home/runner/workspace/artifacts/api-server/src/lib/adminAuth.ts": {"path":"/home/runner/workspace/artifacts/api-server/src/lib/adminAuth.ts","statementMap":{"0":{"start":{"line":10,"column":17},"end":{"line":10,"column":null}},"1":{"start":{"line":11,"column":19},"end":{"line":11,"column":null}},"2":{"start":{"line":13,"column":2},"end":{"line":16,"column":null}},"3":{"start":{"line":14,"column":4},"end":{"line":14,"column":null}},"4":{"start":{"line":15,"column":4},"end":{"line":15,"column":null}},"5":{"start":{"line":18,"column":2},"end":{"line":21,"column":null}},"6":{"start":{"line":19,"column":4},"end":{"line":19,"column":null}},"7":{"start":{"line":20,"column":4},"end":{"line":20,"column":null}},"8":{"start":{"line":24,"column":20},"end":{"line":24,"column":null}},"9":{"start":{"line":25,"column":22},"end":{"line":25,"column":null}},"10":{"start":{"line":27,"column":2},"end":{"line":33,"column":null}},"11":{"start":{"line":31,"column":4},"end":{"line":31,"column":null}},"12":{"start":{"line":32,"column":4},"end":{"line":32,"column":null}},"13":{"start":{"line":35,"column":2},"end":{"line":35,"column":null}},"14":{"start":{"line":43,"column":13},"end":{"line":49,"column":null}}},"fnMap":{"0":{"name":"requireAdmin","decl":{"start":{"line":9,"column":16},"end":{"line":9,"column":29}},"loc":{"start":{"line":9,"column":67},"end":{"line":36,"column":null}},"line":9}},"branchMap":{"0":{"loc":{"start":{"line":13,"column":2},"end":{"line":16,"column":null}},"type":"if","locations":[{"start":{"line":13,"column":2},"end":{"line":16,"column":null}},{"start":{},"end":{}}],"line":13},"1":{"loc":{"start":{"line":18,"column":2},"end":{"line":21,"column":null}},"type":"if","locations":[{"start":{"line":18,"column":2},"end":{"line":21,"column":null}},{"start":{},"end":{}}],"line":18},"2":{"loc":{"start":{"line":27,"column":2},"end":{"line":33,"column":null}},"type":"if","locations":[{"start":{"line":27,"column":2},"end":{"line":33,"column":null}},{"start":{},"end":{}}],"line":27},"3":{"loc":{"start":{"line":28,"column":4},"end":{"line":29,"column":null}},"type":"binary-expr","locations":[{"start":{"line":28,"column":4},"end":{"line":28,"column":null}},{"start":{"line":29,"column":4},"end":{"line":29,"column":null}}],"line":28}},"s":{"0":0,"1":0,"2":0,"3":0,"4":0,"5":0,"6":0,"7":0,"8":0,"9":0,"10":0,"11":0,"12":0,"13":0,"14":4},"f":{"0":0},"b":{"0":[0,0],"1":[0,0],"2":[0,0],"3":[0,0]},"meta":{"lastBranch":4,"lastFunction":1,"lastStatement":15,"seen":{"f:9:16:9:29":0,"s:10:17:10:Infinity":0,"s:11:19:11:Infinity":1,"b:13:2:16:Infinity:undefined:undefined:undefined:undefined":0,"s:13:2:16:Infinity":2,"s:14:4:14:Infinity":3,"s:15:4:15:Infinity":4,"b:18:2:21:Infinity:undefined:undefined:undefined:undefined":1,"s:18:2:21:Infinity":5,"s:19:4:19:Infinity":6,"s:20:4:20:Infinity":7,"s:24:20:24:Infinity":8,"s:25:22:25:Infinity":9,"b:27:2:33:Infinity:undefined:undefined:undefined:undefined":2,"s:27:2:33:Infinity":10,"b:28:4:28:Infinity:29:4:29:Infinity":3,"s:31:4:31:Infinity":11,"s:32:4:32:Infinity":12,"s:35:2:35:Infinity":13,"s:43:13:49:Infinity":14},"fnNames":{}}}
,"/home/runner/workspace/artifacts/api-server/src/lib/checkAnswer.ts": {"path":"/home/runner/workspace/artifacts/api-server/src/lib/checkAnswer.ts","statementMap":{"0":{"start":{"line":10,"column":2},"end":{"line":23,"column":null}},"1":{"start":{"line":12,"column":20},"end":{"line":16,"column":null}},"2":{"start":{"line":14,"column":18},"end":{"line":14,"column":26}},"3":{"start":{"line":17,"column":21},"end":{"line":21,"column":null}},"4":{"start":{"line":19,"column":18},"end":{"line":19,"column":26}},"5":{"start":{"line":22,"column":4},"end":{"line":22,"column":null}},"6":{"start":{"line":25,"column":2},"end":{"line":25,"column":null}},"7":{"start":{"line":35,"column":2},"end":{"line":35,"column":null}},"8":{"start":{"line":35,"column":24},"end":{"line":35,"column":null}},"9":{"start":{"line":36,"column":14},"end":{"line":36,"column":null}},"10":{"start":{"line":37,"column":2},"end":{"line":37,"column":null}},"11":{"start":{"line":45,"column":2},"end":{"line":45,"column":null}}},"fnMap":{"0":{"name":"checkAnswer","decl":{"start":{"line":5,"column":16},"end":{"line":5,"column":null}},"loc":{"start":{"line":9,"column":11},"end":{"line":26,"column":null}},"line":9},"1":{"name":"(anonymous_1)","decl":{"start":{"line":14,"column":11},"end":{"line":14,"column":12}},"loc":{"start":{"line":14,"column":18},"end":{"line":14,"column":26}},"line":14},"2":{"name":"(anonymous_2)","decl":{"start":{"line":19,"column":11},"end":{"line":19,"column":12}},"loc":{"start":{"line":19,"column":18},"end":{"line":19,"column":26}},"line":19},"3":{"name":"adaptiveWeight","decl":{"start":{"line":34,"column":16},"end":{"line":34,"column":31}},"loc":{"start":{"line":34,"column":81},"end":{"line":38,"column":null}},"line":34},"4":{"name":"commissionCents","decl":{"start":{"line":44,"column":16},"end":{"line":44,"column":32}},"loc":{"start":{"line":44,"column":84},"end":{"line":46,"column":null}},"line":44}},"branchMap":{"0":{"loc":{"start":{"line":10,"column":2},"end":{"line":23,"column":null}},"type":"if","locations":[{"start":{"line":10,"column":2},"end":{"line":23,"column":null}},{"start":{},"end":{}}],"line":10},"1":{"loc":{"start":{"line":35,"column":2},"end":{"line":35,"column":null}},"type":"if","locations":[{"start":{"line":35,"column":2},"end":{"line":35,"column":null}},{"start":{},"end":{}}],"line":35}},"s":{"0":17,"1":5,"2":14,"3":5,"4":14,"5":5,"6":12,"7":6,"8":1,"9":5,"10":5,"11":5},"f":{"0":17,"1":14,"2":14,"3":6,"4":5},"b":{"0":[5,12],"1":[1,5]},"meta":{"lastBranch":2,"lastFunction":5,"lastStatement":12,"seen":{"f:5:16:5:Infinity":0,"b:10:2:23:Infinity:undefined:undefined:undefined:undefined":0,"s:10:2:23:Infinity":0,"s:12:20:16:Infinity":1,"f:14:11:14:12":1,"s:14:18:14:26":2,"s:17:21:21:Infinity":3,"f:19:11:19:12":2,"s:19:18:19:26":4,"s:22:4:22:Infinity":5,"s:25:2:25:Infinity":6,"f:34:16:34:31":3,"b:35:2:35:Infinity:undefined:undefined:undefined:undefined":1,"s:35:2:35:Infinity":7,"s:35:24:35:Infinity":8,"s:36:14:36:Infinity":9,"s:37:2:37:Infinity":10,"f:44:16:44:32":4,"s:45:2:45:Infinity":11},"fnNames":{}}}
,"/home/runner/workspace/artifacts/api-server/src/lib/logger.ts": {"path":"/home/runner/workspace/artifacts/api-server/src/lib/logger.ts","statementMap":{"0":{"start":{"line":3,"column":21},"end":{"line":3,"column":null}},"1":{"start":{"line":5,"column":13},"end":{"line":20,"column":null}}},"fnMap":{},"branchMap":{"0":{"loc":{"start":{"line":6,"column":9},"end":{"line":6,"column":null}},"type":"binary-expr","locations":[{"start":{"line":6,"column":9},"end":{"line":6,"column":34}},{"start":{"line":6,"column":34},"end":{"line":6,"column":null}}],"line":6},"1":{"loc":{"start":{"line":12,"column":6},"end":{"line":19,"column":null}},"type":"cond-expr","locations":[{"start":{"line":13,"column":6},"end":{"line":13,"column":null}},{"start":{"line":14,"column":6},"end":{"line":19,"column":null}}],"line":12}},"s":{"0":4,"1":4},"f":{},"b":{"0":[4,4],"1":[0,4]},"meta":{"lastBranch":2,"lastFunction":0,"lastStatement":2,"seen":{"s:3:21:3:Infinity":0,"s:5:13:20:Infinity":1,"b:6:9:6:34:6:34:6:Infinity":0,"b:13:6:13:Infinity:14:6:19:Infinity":1},"fnNames":{}}}
,"/home/runner/workspace/artifacts/api-server/src/lib/sessionAuth.ts": {"path":"/home/runner/workspace/artifacts/api-server/src/lib/sessionAuth.ts","statementMap":{"0":{"start":{"line":23,"column":32},"end":{"line":25,"column":null}},"1":{"start":{"line":43,"column":2},"end":{"line":45,"column":null}},"2":{"start":{"line":44,"column":4},"end":{"line":44,"column":null}},"3":{"start":{"line":48,"column":2},"end":{"line":50,"column":null}},"4":{"start":{"line":49,"column":4},"end":{"line":49,"column":null}},"5":{"start":{"line":53,"column":2},"end":{"line":62,"column":null}},"6":{"start":{"line":54,"column":4},"end":{"line":56,"column":null}},"7":{"start":{"line":55,"column":6},"end":{"line":55,"column":null}},"8":{"start":{"line":57,"column":4},"end":{"line":61,"column":null}},"9":{"start":{"line":65,"column":2},"end":{"line":65,"column":null}},"10":{"start":{"line":77,"column":5},"end":{"line":78,"column":null}},"11":{"start":{"line":81,"column":2},"end":{"line":84,"column":null}},"12":{"start":{"line":82,"column":4},"end":{"line":82,"column":null}},"13":{"start":{"line":83,"column":4},"end":{"line":83,"column":null}},"14":{"start":{"line":86,"column":8},"end":{"line":86,"column":null}},"15":{"start":{"line":87,"column":22},"end":{"line":87,"column":null}},"16":{"start":{"line":90,"column":2},"end":{"line":93,"column":null}},"17":{"start":{"line":91,"column":4},"end":{"line":91,"column":null}},"18":{"start":{"line":92,"column":4},"end":{"line":92,"column":null}},"19":{"start":{"line":96,"column":2},"end":{"line":99,"column":null}},"20":{"start":{"line":97,"column":4},"end":{"line":97,"column":null}},"21":{"start":{"line":98,"column":4},"end":{"line":98,"column":null}},"22":{"start":{"line":102,"column":18},"end":{"line":106,"column":null}},"23":{"start":{"line":108,"column":19},"end":{"line":112,"column":null}},"24":{"start":{"line":114,"column":2},"end":{"line":121,"column":null}},"25":{"start":{"line":115,"column":4},"end":{"line":115,"column":null}},"26":{"start":{"line":117,"column":4},"end":{"line":120,"column":null}}},"fnMap":{"0":{"name":"getSessionAccessDecision","decl":{"start":{"line":37,"column":16},"end":{"line":37,"column":null}},"loc":{"start":{"line":41,"column":18},"end":{"line":66,"column":null}},"line":41},"1":{"name":"verifySessionAccess","decl":{"start":{"line":70,"column":22},"end":{"line":70,"column":null}},"loc":{"start":{"line":74,"column":17},"end":{"line":122,"column":null}},"line":74}},"branchMap":{"0":{"loc":{"start":{"line":43,"column":2},"end":{"line":45,"column":null}},"type":"if","locations":[{"start":{"line":43,"column":2},"end":{"line":45,"column":null}},{"start":{},"end":{}}],"line":43},"1":{"loc":{"start":{"line":48,"column":2},"end":{"line":50,"column":null}},"type":"if","locations":[{"start":{"line":48,"column":2},"end":{"line":50,"column":null}},{"start":{},"end":{}}],"line":48},"2":{"loc":{"start":{"line":53,"column":2},"end":{"line":62,"column":null}},"type":"if","locations":[{"start":{"line":53,"column":2},"end":{"line":62,"column":null}},{"start":{},"end":{}}],"line":53},"3":{"loc":{"start":{"line":54,"column":4},"end":{"line":56,"column":null}},"type":"if","locations":[{"start":{"line":54,"column":4},"end":{"line":56,"column":null}},{"start":{},"end":{}}],"line":54},"4":{"loc":{"start":{"line":77,"column":5},"end":{"line":78,"column":null}},"type":"binary-expr","locations":[{"start":{"line":77,"column":5},"end":{"line":77,"column":null}},{"start":{"line":78,"column":5},"end":{"line":78,"column":null}}],"line":77},"5":{"loc":{"start":{"line":81,"column":2},"end":{"line":84,"column":null}},"type":"if","locations":[{"start":{"line":81,"column":2},"end":{"line":84,"column":null}},{"start":{},"end":{}}],"line":81},"6":{"loc":{"start":{"line":87,"column":22},"end":{"line":87,"column":null}},"type":"binary-expr","locations":[{"start":{"line":87,"column":22},"end":{"line":87,"column":38}},{"start":{"line":87,"column":38},"end":{"line":87,"column":null}}],"line":87},"7":{"loc":{"start":{"line":90,"column":2},"end":{"line":93,"column":null}},"type":"if","locations":[{"start":{"line":90,"column":2},"end":{"line":93,"column":null}},{"start":{},"end":{}}],"line":90},"8":{"loc":{"start":{"line":96,"column":2},"end":{"line":99,"column":null}},"type":"if","locations":[{"start":{"line":96,"column":2},"end":{"line":99,"column":null}},{"start":{},"end":{}}],"line":96},"9":{"loc":{"start":{"line":111,"column":4},"end":{"line":111,"column":null}},"type":"binary-expr","locations":[{"start":{"line":111,"column":4},"end":{"line":111,"column":13}},{"start":{"line":111,"column":13},"end":{"line":111,"column":null}}],"line":111},"10":{"loc":{"start":{"line":114,"column":2},"end":{"line":121,"column":null}},"type":"if","locations":[{"start":{"line":114,"column":2},"end":{"line":121,"column":null}},{"start":{"line":116,"column":9},"end":{"line":121,"column":null}}],"line":114}},"s":{"0":5,"1":18,"2":3,"3":15,"4":1,"5":14,"6":10,"7":5,"8":5,"9":4,"10":26,"11":26,"12":3,"13":3,"14":23,"15":23,"16":26,"17":18,"18":18,"19":5,"20":1,"21":1,"22":4,"23":4,"24":26,"25":2,"26":2},"f":{"0":18,"1":26},"b":{"0":[3,15],"1":[1,14],"2":[10,4],"3":[5,5],"4":[26,14],"5":[3,23],"6":[23,18],"7":[18,8],"8":[1,4],"9":[4,1],"10":[2,2]},"meta":{"lastBranch":11,"lastFunction":2,"lastStatement":27,"seen":{"s:23:32:25:Infinity":0,"f:37:16:37:Infinity":0,"b:43:2:45:Infinity:undefined:undefined:undefined:undefined":0,"s:43:2:45:Infinity":1,"s:44:4:44:Infinity":2,"b:48:2:50:Infinity:undefined:undefined:undefined:undefined":1,"s:48:2:50:Infinity":3,"s:49:4:49:Infinity":4,"b:53:2:62:Infinity:undefined:undefined:undefined:undefined":2,"s:53:2:62:Infinity":5,"b:54:4:56:Infinity:undefined:undefined:undefined:undefined":3,"s:54:4:56:Infinity":6,"s:55:6:55:Infinity":7,"s:57:4:61:Infinity":8,"s:65:2:65:Infinity":9,"f:70:22:70:Infinity":1,"s:77:5:78:Infinity":10,"b:77:5:77:Infinity:78:5:78:Infinity":4,"b:81:2:84:Infinity:undefined:undefined:undefined:undefined":5,"s:81:2:84:Infinity":11,"s:82:4:82:Infinity":12,"s:83:4:83:Infinity":13,"s:86:8:86:Infinity":14,"s:87:22:87:Infinity":15,"b:87:22:87:38:87:38:87:Infinity":6,"b:90:2:93:Infinity:undefined:undefined:undefined:undefined":7,"s:90:2:93:Infinity":16,"s:91:4:91:Infinity":17,"s:92:4:92:Infinity":18,"b:96:2:99:Infinity:undefined:undefined:undefined:undefined":8,"s:96:2:99:Infinity":19,"s:97:4:97:Infinity":20,"s:98:4:98:Infinity":21,"s:102:18:106:Infinity":22,"s:108:19:112:Infinity":23,"b:111:4:111:13:111:13:111:Infinity":9,"b:114:2:121:Infinity:116:9:121:Infinity":10,"s:114:2:121:Infinity":24,"s:115:4:115:Infinity":25,"s:117:4:120:Infinity":26},"fnNames":{}}}
,"/home/runner/workspace/artifacts/api-server/src/middlewares/clerkProxyMiddleware.ts": {"path":"/home/runner/workspace/artifacts/api-server/src/middlewares/clerkProxyMiddleware.ts","statementMap":{"0":{"start":{"line":26,"column":19},"end":{"line":26,"column":null}},"1":{"start":{"line":27,"column":32},"end":{"line":27,"column":null}},"2":{"start":{"line":49,"column":20},"end":{"line":49,"column":null}},"3":{"start":{"line":50,"column":14},"end":{"line":50,"column":null}},"4":{"start":{"line":51,"column":19},"end":{"line":51,"column":null}},"5":{"start":{"line":52,"column":2},"end":{"line":52,"column":null}},"6":{"start":{"line":57,"column":2},"end":{"line":59,"column":null}},"7":{"start":{"line":58,"column":4},"end":{"line":58,"column":null}},"8":{"start":{"line":58,"column":33},"end":{"line":58,"column":null}},"9":{"start":{"line":61,"column":20},"end":{"line":61,"column":null}},"10":{"start":{"line":62,"column":2},"end":{"line":64,"column":null}},"11":{"start":{"line":63,"column":4},"end":{"line":63,"column":null}},"12":{"start":{"line":63,"column":33},"end":{"line":63,"column":null}},"13":{"start":{"line":66,"column":2},"end":{"line":90,"column":null}},"14":{"start":{"line":70,"column":6},"end":{"line":70,"column":null}},"15":{"start":{"line":73,"column":25},"end":{"line":73,"column":null}},"16":{"start":{"line":74,"column":21},"end":{"line":74,"column":null}},"17":{"start":{"line":75,"column":25},"end":{"line":75,"column":null}},"18":{"start":{"line":77,"column":8},"end":{"line":77,"column":null}},"19":{"start":{"line":78,"column":8},"end":{"line":78,"column":null}},"20":{"start":{"line":80,"column":20},"end":{"line":80,"column":null}},"21":{"start":{"line":81,"column":14},"end":{"line":84,"column":null}},"22":{"start":{"line":85,"column":8},"end":{"line":87,"column":null}},"23":{"start":{"line":86,"column":10},"end":{"line":86,"column":null}}},"fnMap":{"0":{"name":"getClerkProxyHost","decl":{"start":{"line":46,"column":16},"end":{"line":46,"column":34}},"loc":{"start":{"line":48,"column":23},"end":{"line":53,"column":null}},"line":48},"1":{"name":"clerkProxyMiddleware","decl":{"start":{"line":55,"column":16},"end":{"line":55,"column":55}},"loc":{"start":{"line":55,"column":55},"end":{"line":91,"column":null}},"line":55},"2":{"name":"(anonymous_2)","decl":{"start":{"line":58,"column":11},"end":{"line":58,"column":12}},"loc":{"start":{"line":58,"column":33},"end":{"line":58,"column":null}},"line":58},"3":{"name":"(anonymous_3)","decl":{"start":{"line":63,"column":11},"end":{"line":63,"column":12}},"loc":{"start":{"line":63,"column":33},"end":{"line":63,"column":null}},"line":63},"4":{"name":"(anonymous_4)","decl":{"start":{"line":69,"column":17},"end":{"line":69,"column":18}},"loc":{"start":{"line":70,"column":6},"end":{"line":70,"column":null}},"line":70},"5":{"name":"(anonymous_5)","decl":{"start":{"line":72,"column":16},"end":{"line":72,"column":17}},"loc":{"start":{"line":72,"column":35},"end":{"line":88,"column":null}},"line":72}},"branchMap":{"0":{"loc":{"start":{"line":50,"column":14},"end":{"line":50,"column":null}},"type":"cond-expr","locations":[{"start":{"line":50,"column":41},"end":{"line":50,"column":56}},{"start":{"line":50,"column":56},"end":{"line":50,"column":null}}],"line":50},"1":{"loc":{"start":{"line":52,"column":9},"end":{"line":52,"column":null}},"type":"binary-expr","locations":[{"start":{"line":52,"column":9},"end":{"line":52,"column":21}},{"start":{"line":52,"column":21},"end":{"line":52,"column":49}},{"start":{"line":52,"column":49},"end":{"line":52,"column":null}}],"line":52},"2":{"loc":{"start":{"line":57,"column":2},"end":{"line":59,"column":null}},"type":"if","locations":[{"start":{"line":57,"column":2},"end":{"line":59,"column":null}},{"start":{},"end":{}}],"line":57},"3":{"loc":{"start":{"line":62,"column":2},"end":{"line":64,"column":null}},"type":"if","locations":[{"start":{"line":62,"column":2},"end":{"line":64,"column":null}},{"start":{},"end":{}}],"line":62},"4":{"loc":{"start":{"line":73,"column":25},"end":{"line":73,"column":null}},"type":"binary-expr","locations":[{"start":{"line":73,"column":25},"end":{"line":73,"column":61}},{"start":{"line":73,"column":61},"end":{"line":73,"column":null}}],"line":73},"5":{"loc":{"start":{"line":74,"column":21},"end":{"line":74,"column":null}},"type":"binary-expr","locations":[{"start":{"line":74,"column":21},"end":{"line":74,"column":47}},{"start":{"line":74,"column":47},"end":{"line":74,"column":null}}],"line":74},"6":{"loc":{"start":{"line":81,"column":14},"end":{"line":84,"column":null}},"type":"binary-expr","locations":[{"start":{"line":81,"column":14},"end":{"line":82,"column":null}},{"start":{"line":83,"column":10},"end":{"line":83,"column":null}},{"start":{"line":84,"column":10},"end":{"line":84,"column":null}}],"line":81},"7":{"loc":{"start":{"line":85,"column":8},"end":{"line":87,"column":null}},"type":"if","locations":[{"start":{"line":85,"column":8},"end":{"line":87,"column":null}},{"start":{},"end":{}}],"line":85}},"s":{"0":0,"1":0,"2":0,"3":0,"4":0,"5":0,"6":0,"7":0,"8":0,"9":0,"10":0,"11":0,"12":0,"13":0,"14":0,"15":0,"16":0,"17":0,"18":0,"19":0,"20":0,"21":0,"22":0,"23":0},"f":{"0":0,"1":0,"2":0,"3":0,"4":0,"5":0},"b":{"0":[0,0],"1":[0,0,0],"2":[0,0],"3":[0,0],"4":[0,0],"5":[0,0],"6":[0,0,0],"7":[0,0]},"meta":{"lastBranch":8,"lastFunction":6,"lastStatement":24,"seen":{"s:26:19:26:Infinity":0,"s:27:32:27:Infinity":1,"f:46:16:46:34":0,"s:49:20:49:Infinity":2,"s:50:14:50:Infinity":3,"b:50:41:50:56:50:56:50:Infinity":0,"s:51:19:51:Infinity":4,"s:52:2:52:Infinity":5,"b:52:9:52:21:52:21:52:49:52:49:52:Infinity":1,"f:55:16:55:55":1,"b:57:2:59:Infinity:undefined:undefined:undefined:undefined":2,"s:57:2:59:Infinity":6,"s:58:4:58:Infinity":7,"f:58:11:58:12":2,"s:58:33:58:Infinity":8,"s:61:20:61:Infinity":9,"b:62:2:64:Infinity:undefined:undefined:undefined:undefined":3,"s:62:2:64:Infinity":10,"s:63:4:63:Infinity":11,"f:63:11:63:12":3,"s:63:33:63:Infinity":12,"s:66:2:90:Infinity":13,"f:69:17:69:18":4,"s:70:6:70:Infinity":14,"f:72:16:72:17":5,"s:73:25:73:Infinity":15,"b:73:25:73:61:73:61:73:Infinity":4,"s:74:21:74:Infinity":16,"b:74:21:74:47:74:47:74:Infinity":5,"s:75:25:75:Infinity":17,"s:77:8:77:Infinity":18,"s:78:8:78:Infinity":19,"s:80:20:80:Infinity":20,"s:81:14:84:Infinity":21,"b:81:14:82:Infinity:83:10:83:Infinity:84:10:84:Infinity":6,"b:85:8:87:Infinity:undefined:undefined:undefined:undefined":7,"s:85:8:87:Infinity":22,"s:86:10:86:Infinity":23},"fnNames":{}}}
,"/home/runner/workspace/artifacts/api-server/src/routes/adaptive.ts": {"path":"/home/runner/workspace/artifacts/api-server/src/routes/adaptive.ts","statementMap":{"0":{"start":{"line":6,"column":6},"end":{"line":6,"column":null}},"1":{"start":{"line":21,"column":23},"end":{"line":24,"column":null}},"2":{"start":{"line":26,"column":22},"end":{"line":26,"column":null}},"3":{"start":{"line":26,"column":46},"end":{"line":26,"column":58}},"4":{"start":{"line":27,"column":24},"end":{"line":27,"column":null}},"5":{"start":{"line":30,"column":74},"end":{"line":30,"column":null}},"6":{"start":{"line":32,"column":2},"end":{"line":46,"column":null}},"7":{"start":{"line":33,"column":30},"end":{"line":36,"column":null}},"8":{"start":{"line":38,"column":25},"end":{"line":38,"column":null}},"9":{"start":{"line":38,"column":62},"end":{"line":38,"column":80}},"10":{"start":{"line":40,"column":4},"end":{"line":45,"column":null}},"11":{"start":{"line":41,"column":18},"end":{"line":41,"column":null}},"12":{"start":{"line":42,"column":6},"end":{"line":42,"column":null}},"13":{"start":{"line":42,"column":29},"end":{"line":42,"column":null}},"14":{"start":{"line":43,"column":6},"end":{"line":43,"column":null}},"15":{"start":{"line":44,"column":6},"end":{"line":44,"column":null}},"16":{"start":{"line":44,"column":23},"end":{"line":44,"column":null}},"17":{"start":{"line":50,"column":4},"end":{"line":57,"column":null}},"18":{"start":{"line":60,"column":24},"end":{"line":63,"column":null}},"19":{"start":{"line":60,"column":45},"end":{"line":62,"column":null}},"20":{"start":{"line":64,"column":22},"end":{"line":66,"column":null}},"21":{"start":{"line":68,"column":46},"end":{"line":75,"column":null}},"22":{"start":{"line":69,"column":29},"end":{"line":74,"column":6}},"23":{"start":{"line":75,"column":20},"end":{"line":75,"column":43}},"24":{"start":{"line":77,"column":2},"end":{"line":79,"column":null}},"25":{"start":{"line":78,"column":4},"end":{"line":78,"column":null}},"26":{"start":{"line":82,"column":57},"end":{"line":82,"column":null}},"27":{"start":{"line":83,"column":2},"end":{"line":86,"column":null}},"28":{"start":{"line":84,"column":4},"end":{"line":84,"column":null}},"29":{"start":{"line":84,"column":43},"end":{"line":84,"column":null}},"30":{"start":{"line":85,"column":4},"end":{"line":85,"column":null}},"31":{"start":{"line":90,"column":21},"end":{"line":90,"column":null}},"32":{"start":{"line":91,"column":18},"end":{"line":96,"column":null}},"33":{"start":{"line":92,"column":18},"end":{"line":92,"column":null}},"34":{"start":{"line":93,"column":4},"end":{"line":93,"column":null}},"35":{"start":{"line":93,"column":16},"end":{"line":93,"column":null}},"36":{"start":{"line":94,"column":16},"end":{"line":94,"column":null}},"37":{"start":{"line":95,"column":4},"end":{"line":95,"column":null}},"38":{"start":{"line":98,"column":22},"end":{"line":98,"column":null}},"39":{"start":{"line":98,"column":47},"end":{"line":98,"column":54}},"40":{"start":{"line":99,"column":13},"end":{"line":99,"column":null}},"41":{"start":{"line":100,"column":25},"end":{"line":100,"column":null}},"42":{"start":{"line":101,"column":2},"end":{"line":107,"column":null}},"43":{"start":{"line":101,"column":15},"end":{"line":101,"column":18}},"44":{"start":{"line":102,"column":4},"end":{"line":102,"column":null}},"45":{"start":{"line":103,"column":4},"end":{"line":106,"column":null}},"46":{"start":{"line":104,"column":6},"end":{"line":104,"column":null}},"47":{"start":{"line":105,"column":6},"end":{"line":105,"column":null}},"48":{"start":{"line":110,"column":15},"end":{"line":110,"column":null}},"49":{"start":{"line":111,"column":21},"end":{"line":111,"column":null}},"50":{"start":{"line":113,"column":2},"end":{"line":113,"column":null}},"51":{"start":{"line":116,"column":0},"end":{"line":129,"column":null}},"52":{"start":{"line":117,"column":20},"end":{"line":117,"column":null}},"53":{"start":{"line":118,"column":2},"end":{"line":121,"column":null}},"54":{"start":{"line":119,"column":4},"end":{"line":119,"column":null}},"55":{"start":{"line":120,"column":4},"end":{"line":120,"column":null}},"56":{"start":{"line":122,"column":2},"end":{"line":128,"column":null}},"57":{"start":{"line":123,"column":19},"end":{"line":123,"column":null}},"58":{"start":{"line":124,"column":4},"end":{"line":124,"column":null}},"59":{"start":{"line":126,"column":4},"end":{"line":126,"column":null}},"60":{"start":{"line":127,"column":4},"end":{"line":127,"column":null}},"61":{"start":{"line":131,"column":0},"end":{"line":144,"column":null}},"62":{"start":{"line":132,"column":20},"end":{"line":132,"column":null}},"63":{"start":{"line":133,"column":2},"end":{"line":136,"column":null}},"64":{"start":{"line":134,"column":4},"end":{"line":134,"column":null}},"65":{"start":{"line":135,"column":4},"end":{"line":135,"column":null}},"66":{"start":{"line":137,"column":2},"end":{"line":143,"column":null}},"67":{"start":{"line":138,"column":51},"end":{"line":138,"column":null}},"68":{"start":{"line":139,"column":4},"end":{"line":139,"column":null}},"69":{"start":{"line":141,"column":4},"end":{"line":141,"column":null}},"70":{"start":{"line":142,"column":4},"end":{"line":142,"column":null}}},"fnMap":{"0":{"name":"computeAdaptiveNext","decl":{"start":{"line":15,"column":15},"end":{"line":15,"column":35}},"loc":{"start":{"line":19,"column":3},"end":{"line":114,"column":null}},"line":19},"1":{"name":"(anonymous_1)","decl":{"start":{"line":26,"column":39},"end":{"line":26,"column":40}},"loc":{"start":{"line":26,"column":46},"end":{"line":26,"column":58}},"line":26},"2":{"name":"(anonymous_2)","decl":{"start":{"line":38,"column":55},"end":{"line":38,"column":56}},"loc":{"start":{"line":38,"column":62},"end":{"line":38,"column":80}},"line":38},"3":{"name":"(anonymous_3)","decl":{"start":{"line":60,"column":45},"end":{"line":60,"column":null}},"loc":{"start":{"line":60,"column":45},"end":{"line":62,"column":null}},"line":60},"4":{"name":"(anonymous_4)","decl":{"start":{"line":69,"column":9},"end":{"line":69,"column":10}},"loc":{"start":{"line":69,"column":29},"end":{"line":74,"column":6}},"line":69},"5":{"name":"(anonymous_5)","decl":{"start":{"line":75,"column":10},"end":{"line":75,"column":11}},"loc":{"start":{"line":75,"column":20},"end":{"line":75,"column":43}},"line":75},"6":{"name":"(anonymous_6)","decl":{"start":{"line":91,"column":33},"end":{"line":91,"column":34}},"loc":{"start":{"line":91,"column":42},"end":{"line":96,"column":3}},"line":91},"7":{"name":"(anonymous_7)","decl":{"start":{"line":98,"column":37},"end":{"line":98,"column":38}},"loc":{"start":{"line":98,"column":47},"end":{"line":98,"column":54}},"line":98},"8":{"name":"(anonymous_8)","decl":{"start":{"line":116,"column":50},"end":{"line":116,"column":57}},"loc":{"start":{"line":116,"column":70},"end":{"line":129,"column":1}},"line":116},"9":{"name":"(anonymous_9)","decl":{"start":{"line":131,"column":57},"end":{"line":131,"column":64}},"loc":{"start":{"line":131,"column":77},"end":{"line":144,"column":1}},"line":131}},"branchMap":{"0":{"loc":{"start":{"line":32,"column":2},"end":{"line":46,"column":null}},"type":"if","locations":[{"start":{"line":32,"column":2},"end":{"line":46,"column":null}},{"start":{},"end":{}}],"line":32},"1":{"loc":{"start":{"line":41,"column":18},"end":{"line":41,"column":null}},"type":"binary-expr","locations":[{"start":{"line":41,"column":18},"end":{"line":41,"column":54}},{"start":{"line":41,"column":54},"end":{"line":41,"column":null}}],"line":41},"2":{"loc":{"start":{"line":42,"column":6},"end":{"line":42,"column":null}},"type":"if","locations":[{"start":{"line":42,"column":6},"end":{"line":42,"column":null}},{"start":{},"end":{}}],"line":42},"3":{"loc":{"start":{"line":44,"column":6},"end":{"line":44,"column":null}},"type":"if","locations":[{"start":{"line":44,"column":6},"end":{"line":44,"column":null}},{"start":{},"end":{}}],"line":44},"4":{"loc":{"start":{"line":50,"column":4},"end":{"line":57,"column":null}},"type":"cond-expr","locations":[{"start":{"line":51,"column":8},"end":{"line":54,"column":null}},{"start":{"line":55,"column":8},"end":{"line":57,"column":null}}],"line":50},"5":{"loc":{"start":{"line":60,"column":45},"end":{"line":62,"column":null}},"type":"binary-expr","locations":[{"start":{"line":60,"column":45},"end":{"line":61,"column":null}},{"start":{"line":62,"column":4},"end":{"line":62,"column":null}}],"line":60},"6":{"loc":{"start":{"line":61,"column":5},"end":{"line":61,"column":37}},"type":"binary-expr","locations":[{"start":{"line":61,"column":5},"end":{"line":61,"column":23}},{"start":{"line":61,"column":23},"end":{"line":61,"column":37}}],"line":61},"7":{"loc":{"start":{"line":64,"column":22},"end":{"line":66,"column":null}},"type":"cond-expr","locations":[{"start":{"line":65,"column":6},"end":{"line":65,"column":null}},{"start":{"line":66,"column":6},"end":{"line":66,"column":null}}],"line":64},"8":{"loc":{"start":{"line":64,"column":22},"end":{"line":64,"column":null}},"type":"binary-expr","locations":[{"start":{"line":64,"column":22},"end":{"line":64,"column":43}},{"start":{"line":64,"column":43},"end":{"line":64,"column":null}}],"line":64},"9":{"loc":{"start":{"line":73,"column":16},"end":{"line":73,"column":null}},"type":"cond-expr","locations":[{"start":{"line":73,"column":30},"end":{"line":73,"column":52}},{"start":{"line":73,"column":52},"end":{"line":73,"column":null}}],"line":73},"10":{"loc":{"start":{"line":77,"column":2},"end":{"line":79,"column":null}},"type":"if","locations":[{"start":{"line":77,"column":2},"end":{"line":79,"column":null}},{"start":{},"end":{}}],"line":77},"11":{"loc":{"start":{"line":84,"column":4},"end":{"line":84,"column":null}},"type":"if","locations":[{"start":{"line":84,"column":4},"end":{"line":84,"column":null}},{"start":{},"end":{}}],"line":84},"12":{"loc":{"start":{"line":93,"column":4},"end":{"line":93,"column":null}},"type":"if","locations":[{"start":{"line":93,"column":4},"end":{"line":93,"column":null}},{"start":{},"end":{}}],"line":93},"13":{"loc":{"start":{"line":103,"column":4},"end":{"line":106,"column":null}},"type":"if","locations":[{"start":{"line":103,"column":4},"end":{"line":106,"column":null}},{"start":{},"end":{}}],"line":103},"14":{"loc":{"start":{"line":118,"column":2},"end":{"line":121,"column":null}},"type":"if","locations":[{"start":{"line":118,"column":2},"end":{"line":121,"column":null}},{"start":{},"end":{}}],"line":118},"15":{"loc":{"start":{"line":133,"column":2},"end":{"line":136,"column":null}},"type":"if","locations":[{"start":{"line":133,"column":2},"end":{"line":136,"column":null}},{"start":{},"end":{}}],"line":133}},"s":{"0":4,"1":0,"2":0,"3":0,"4":0,"5":0,"6":0,"7":0,"8":0,"9":0,"10":0,"11":0,"12":0,"13":0,"14":0,"15":0,"16":0,"17":0,"18":0,"19":0,"20":0,"21":0,"22":0,"23":0,"24":0,"25":0,"26":0,"27":0,"28":0,"29":0,"30":0,"31":0,"32":0,"33":0,"34":0,"35":0,"36":0,"37":0,"38":0,"39":0,"40":0,"41":0,"42":0,"43":0,"44":0,"45":0,"46":0,"47":0,"48":0,"49":0,"50":0,"51":4,"52":0,"53":0,"54":0,"55":0,"56":0,"57":0,"58":0,"59":0,"60":0,"61":4,"62":0,"63":0,"64":0,"65":0,"66":0,"67":0,"68":0,"69":0,"70":0},"f":{"0":0,"1":0,"2":0,"3":0,"4":0,"5":0,"6":0,"7":0,"8":0,"9":0},"b":{"0":[0,0],"1":[0,0],"2":[0,0],"3":[0,0],"4":[0,0],"5":[0,0],"6":[0,0],"7":[0,0],"8":[0,0],"9":[0,0],"10":[0,0],"11":[0,0],"12":[0,0],"13":[0,0],"14":[0,0],"15":[0,0]},"meta":{"lastBranch":16,"lastFunction":10,"lastStatement":71,"seen":{"s:6:6:6:Infinity":0,"f:15:15:15:35":0,"s:21:23:24:Infinity":1,"s:26:22:26:Infinity":2,"f:26:39:26:40":1,"s:26:46:26:58":3,"s:27:24:27:Infinity":4,"s:30:74:30:Infinity":5,"b:32:2:46:Infinity:undefined:undefined:undefined:undefined":0,"s:32:2:46:Infinity":6,"s:33:30:36:Infinity":7,"s:38:25:38:Infinity":8,"f:38:55:38:56":2,"s:38:62:38:80":9,"s:40:4:45:Infinity":10,"s:41:18:41:Infinity":11,"b:41:18:41:54:41:54:41:Infinity":1,"b:42:6:42:Infinity:undefined:undefined:undefined:undefined":2,"s:42:6:42:Infinity":12,"s:42:29:42:Infinity":13,"s:43:6:43:Infinity":14,"b:44:6:44:Infinity:undefined:undefined:undefined:undefined":3,"s:44:6:44:Infinity":15,"s:44:23:44:Infinity":16,"s:50:4:57:Infinity":17,"b:51:8:54:Infinity:55:8:57:Infinity":4,"s:60:24:63:Infinity":18,"f:60:45:60:Infinity":3,"s:60:45:62:Infinity":19,"b:60:45:61:Infinity:62:4:62:Infinity":5,"b:61:5:61:23:61:23:61:37":6,"s:64:22:66:Infinity":20,"b:65:6:65:Infinity:66:6:66:Infinity":7,"b:64:22:64:43:64:43:64:Infinity":8,"s:68:46:75:Infinity":21,"f:69:9:69:10":4,"s:69:29:74:6":22,"b:73:30:73:52:73:52:73:Infinity":9,"f:75:10:75:11":5,"s:75:20:75:43":23,"b:77:2:79:Infinity:undefined:undefined:undefined:undefined":10,"s:77:2:79:Infinity":24,"s:78:4:78:Infinity":25,"s:82:57:82:Infinity":26,"s:83:2:86:Infinity":27,"b:84:4:84:Infinity:undefined:undefined:undefined:undefined":11,"s:84:4:84:Infinity":28,"s:84:43:84:Infinity":29,"s:85:4:85:Infinity":30,"s:90:21:90:Infinity":31,"s:91:18:96:Infinity":32,"f:91:33:91:34":6,"s:92:18:92:Infinity":33,"b:93:4:93:Infinity:undefined:undefined:undefined:undefined":12,"s:93:4:93:Infinity":34,"s:93:16:93:Infinity":35,"s:94:16:94:Infinity":36,"s:95:4:95:Infinity":37,"s:98:22:98:Infinity":38,"f:98:37:98:38":7,"s:98:47:98:54":39,"s:99:13:99:Infinity":40,"s:100:25:100:Infinity":41,"s:101:2:107:Infinity":42,"s:101:15:101:18":43,"s:102:4:102:Infinity":44,"b:103:4:106:Infinity:undefined:undefined:undefined:undefined":13,"s:103:4:106:Infinity":45,"s:104:6:104:Infinity":46,"s:105:6:105:Infinity":47,"s:110:15:110:Infinity":48,"s:111:21:111:Infinity":49,"s:113:2:113:Infinity":50,"s:116:0:129:Infinity":51,"f:116:50:116:57":8,"s:117:20:117:Infinity":52,"b:118:2:121:Infinity:undefined:undefined:undefined:undefined":14,"s:118:2:121:Infinity":53,"s:119:4:119:Infinity":54,"s:120:4:120:Infinity":55,"s:122:2:128:Infinity":56,"s:123:19:123:Infinity":57,"s:124:4:124:Infinity":58,"s:126:4:126:Infinity":59,"s:127:4:127:Infinity":60,"s:131:0:144:Infinity":61,"f:131:57:131:64":9,"s:132:20:132:Infinity":62,"b:133:2:136:Infinity:undefined:undefined:undefined:undefined":15,"s:133:2:136:Infinity":63,"s:134:4:134:Infinity":64,"s:135:4:135:Infinity":65,"s:137:2:143:Infinity":66,"s:138:51:138:Infinity":67,"s:139:4:139:Infinity":68,"s:141:4:141:Infinity":69,"s:142:4:142:Infinity":70},"fnNames":{}}}
,"/home/runner/workspace/artifacts/api-server/src/routes/affiliates.ts": {"path":"/home/runner/workspace/artifacts/api-server/src/routes/affiliates.ts","statementMap":{"0":{"start":{"line":8,"column":6},"end":{"line":8,"column":null}},"1":{"start":{"line":11,"column":28},"end":{"line":15,"column":null}},"2":{"start":{"line":18,"column":0},"end":{"line":75,"column":null}},"3":{"start":{"line":19,"column":2},"end":{"line":19,"column":null}},"4":{"start":{"line":19,"column":31},"end":{"line":19,"column":null}},"5":{"start":{"line":21,"column":17},"end":{"line":21,"column":null}},"6":{"start":{"line":22,"column":2},"end":{"line":25,"column":null}},"7":{"start":{"line":23,"column":4},"end":{"line":23,"column":null}},"8":{"start":{"line":24,"column":4},"end":{"line":24,"column":null}},"9":{"start":{"line":26,"column":40},"end":{"line":26,"column":null}},"10":{"start":{"line":28,"column":20},"end":{"line":28,"column":null}},"11":{"start":{"line":30,"column":19},"end":{"line":34,"column":null}},"12":{"start":{"line":36,"column":2},"end":{"line":39,"column":null}},"13":{"start":{"line":37,"column":4},"end":{"line":37,"column":null}},"14":{"start":{"line":38,"column":4},"end":{"line":38,"column":null}},"15":{"start":{"line":41,"column":17},"end":{"line":41,"column":null}},"16":{"start":{"line":43,"column":18},"end":{"line":46,"column":null}},"17":{"start":{"line":48,"column":14},"end":{"line":48,"column":null}},"18":{"start":{"line":50,"column":2},"end":{"line":55,"column":null}},"19":{"start":{"line":57,"column":18},"end":{"line":57,"column":null}},"20":{"start":{"line":59,"column":22},"end":{"line":64,"column":null}},"21":{"start":{"line":66,"column":2},"end":{"line":74,"column":null}},"22":{"start":{"line":78,"column":0},"end":{"line":110,"column":null}},"23":{"start":{"line":79,"column":2},"end":{"line":79,"column":null}},"24":{"start":{"line":79,"column":31},"end":{"line":79,"column":null}},"25":{"start":{"line":81,"column":15},"end":{"line":81,"column":null}},"26":{"start":{"line":83,"column":22},"end":{"line":87,"column":null}},"27":{"start":{"line":89,"column":2},"end":{"line":92,"column":null}},"28":{"start":{"line":90,"column":4},"end":{"line":90,"column":null}},"29":{"start":{"line":91,"column":4},"end":{"line":91,"column":null}},"30":{"start":{"line":94,"column":2},"end":{"line":97,"column":null}},"31":{"start":{"line":95,"column":4},"end":{"line":95,"column":null}},"32":{"start":{"line":96,"column":4},"end":{"line":96,"column":null}},"33":{"start":{"line":99,"column":17},"end":{"line":99,"column":null}},"34":{"start":{"line":100,"column":18},"end":{"line":100,"column":null}},"35":{"start":{"line":102,"column":22},"end":{"line":107,"column":null}},"36":{"start":{"line":109,"column":2},"end":{"line":109,"column":null}},"37":{"start":{"line":113,"column":0},"end":{"line":150,"column":null}},"38":{"start":{"line":114,"column":2},"end":{"line":114,"column":null}},"39":{"start":{"line":114,"column":31},"end":{"line":114,"column":null}},"40":{"start":{"line":116,"column":21},"end":{"line":116,"column":null}},"41":{"start":{"line":118,"column":17},"end":{"line":118,"column":null}},"42":{"start":{"line":120,"column":18},"end":{"line":147,"column":null}},"43":{"start":{"line":122,"column":28},"end":{"line":125,"column":null}},"44":{"start":{"line":127,"column":25},"end":{"line":127,"column":null}},"45":{"start":{"line":128,"column":6},"end":{"line":139,"column":null}},"46":{"start":{"line":129,"column":8},"end":{"line":138,"column":null}},"47":{"start":{"line":130,"column":26},"end":{"line":130,"column":null}},"48":{"start":{"line":131,"column":10},"end":{"line":135,"column":null}},"49":{"start":{"line":137,"column":10},"end":{"line":137,"column":null}},"50":{"start":{"line":141,"column":6},"end":{"line":145,"column":null}},"51":{"start":{"line":149,"column":2},"end":{"line":149,"column":null}},"52":{"start":{"line":153,"column":0},"end":{"line":159,"column":null}},"53":{"start":{"line":154,"column":2},"end":{"line":154,"column":null}},"54":{"start":{"line":154,"column":31},"end":{"line":154,"column":null}},"55":{"start":{"line":156,"column":15},"end":{"line":156,"column":null}},"56":{"start":{"line":157,"column":2},"end":{"line":157,"column":null}},"57":{"start":{"line":158,"column":2},"end":{"line":158,"column":null}}},"fnMap":{"0":{"name":"(anonymous_0)","decl":{"start":{"line":18,"column":33},"end":{"line":18,"column":40}},"loc":{"start":{"line":18,"column":53},"end":{"line":75,"column":1}},"line":18},"1":{"name":"(anonymous_1)","decl":{"start":{"line":78,"column":52},"end":{"line":78,"column":59}},"loc":{"start":{"line":78,"column":72},"end":{"line":110,"column":1}},"line":78},"2":{"name":"(anonymous_2)","decl":{"start":{"line":113,"column":32},"end":{"line":113,"column":39}},"loc":{"start":{"line":113,"column":52},"end":{"line":150,"column":1}},"line":113},"3":{"name":"(anonymous_3)","decl":{"start":{"line":121,"column":19},"end":{"line":121,"column":26}},"loc":{"start":{"line":121,"column":34},"end":{"line":146,"column":5}},"line":121},"4":{"name":"(anonymous_4)","decl":{"start":{"line":153,"column":41},"end":{"line":153,"column":48}},"loc":{"start":{"line":153,"column":61},"end":{"line":159,"column":1}},"line":153}},"branchMap":{"0":{"loc":{"start":{"line":19,"column":2},"end":{"line":19,"column":null}},"type":"if","locations":[{"start":{"line":19,"column":2},"end":{"line":19,"column":null}},{"start":{},"end":{}}],"line":19},"1":{"loc":{"start":{"line":22,"column":2},"end":{"line":25,"column":null}},"type":"if","locations":[{"start":{"line":22,"column":2},"end":{"line":25,"column":null}},{"start":{},"end":{}}],"line":22},"2":{"loc":{"start":{"line":36,"column":2},"end":{"line":39,"column":null}},"type":"if","locations":[{"start":{"line":36,"column":2},"end":{"line":39,"column":null}},{"start":{},"end":{}}],"line":36},"3":{"loc":{"start":{"line":48,"column":14},"end":{"line":48,"column":null}},"type":"binary-expr","locations":[{"start":{"line":48,"column":14},"end":{"line":48,"column":31}},{"start":{"line":48,"column":31},"end":{"line":48,"column":null}}],"line":48},"4":{"loc":{"start":{"line":57,"column":18},"end":{"line":57,"column":null}},"type":"binary-expr","locations":[{"start":{"line":57,"column":18},"end":{"line":57,"column":42}},{"start":{"line":57,"column":42},"end":{"line":57,"column":null}}],"line":57},"5":{"loc":{"start":{"line":79,"column":2},"end":{"line":79,"column":null}},"type":"if","locations":[{"start":{"line":79,"column":2},"end":{"line":79,"column":null}},{"start":{},"end":{}}],"line":79},"6":{"loc":{"start":{"line":89,"column":2},"end":{"line":92,"column":null}},"type":"if","locations":[{"start":{"line":89,"column":2},"end":{"line":92,"column":null}},{"start":{},"end":{}}],"line":89},"7":{"loc":{"start":{"line":94,"column":2},"end":{"line":97,"column":null}},"type":"if","locations":[{"start":{"line":94,"column":2},"end":{"line":97,"column":null}},{"start":{},"end":{}}],"line":94},"8":{"loc":{"start":{"line":100,"column":18},"end":{"line":100,"column":null}},"type":"binary-expr","locations":[{"start":{"line":100,"column":18},"end":{"line":100,"column":42}},{"start":{"line":100,"column":42},"end":{"line":100,"column":null}}],"line":100},"9":{"loc":{"start":{"line":114,"column":2},"end":{"line":114,"column":null}},"type":"if","locations":[{"start":{"line":114,"column":2},"end":{"line":114,"column":null}},{"start":{},"end":{}}],"line":114},"10":{"loc":{"start":{"line":128,"column":6},"end":{"line":139,"column":null}},"type":"if","locations":[{"start":{"line":128,"column":6},"end":{"line":139,"column":null}},{"start":{},"end":{}}],"line":128},"11":{"loc":{"start":{"line":131,"column":25},"end":{"line":135,"column":null}},"type":"cond-expr","locations":[{"start":{"line":132,"column":14},"end":{"line":134,"column":null}},{"start":{"line":135,"column":14},"end":{"line":135,"column":null}}],"line":131},"12":{"loc":{"start":{"line":132,"column":14},"end":{"line":134,"column":null}},"type":"cond-expr","locations":[{"start":{"line":133,"column":16},"end":{"line":133,"column":null}},{"start":{"line":134,"column":16},"end":{"line":134,"column":null}}],"line":132},"13":{"loc":{"start":{"line":143,"column":30},"end":{"line":143,"column":58}},"type":"binary-expr","locations":[{"start":{"line":143,"column":30},"end":{"line":143,"column":57}},{"start":{"line":143,"column":57},"end":{"line":143,"column":58}}],"line":143},"14":{"loc":{"start":{"line":154,"column":2},"end":{"line":154,"column":null}},"type":"if","locations":[{"start":{"line":154,"column":2},"end":{"line":154,"column":null}},{"start":{},"end":{}}],"line":154}},"s":{"0":4,"1":4,"2":4,"3":0,"4":0,"5":0,"6":0,"7":0,"8":0,"9":0,"10":0,"11":0,"12":0,"13":0,"14":0,"15":0,"16":0,"17":0,"18":0,"19":0,"20":0,"21":0,"22":4,"23":0,"24":0,"25":0,"26":0,"27":0,"28":0,"29":0,"30":0,"31":0,"32":0,"33":0,"34":0,"35":0,"36":0,"37":4,"38":0,"39":0,"40":0,"41":0,"42":0,"43":0,"44":0,"45":0,"46":0,"47":0,"48":0,"49":0,"50":0,"51":0,"52":4,"53":0,"54":0,"55":0,"56":0,"57":0},"f":{"0":0,"1":0,"2":0,"3":0,"4":0},"b":{"0":[0,0],"1":[0,0],"2":[0,0],"3":[0,0],"4":[0,0],"5":[0,0],"6":[0,0],"7":[0,0],"8":[0,0],"9":[0,0],"10":[0,0],"11":[0,0],"12":[0,0],"13":[0,0],"14":[0,0]},"meta":{"lastBranch":15,"lastFunction":5,"lastStatement":58,"seen":{"s:8:6:8:Infinity":0,"s:11:28:15:Infinity":1,"s:18:0:75:Infinity":2,"f:18:33:18:40":0,"b:19:2:19:Infinity:undefined:undefined:undefined:undefined":0,"s:19:2:19:Infinity":3,"s:19:31:19:Infinity":4,"s:21:17:21:Infinity":5,"b:22:2:25:Infinity:undefined:undefined:undefined:undefined":1,"s:22:2:25:Infinity":6,"s:23:4:23:Infinity":7,"s
[...]
type":"if","locations":[{"start":{"line":67,"column":4},"end":{"line":71,"column":null}},{"start":{"line":69,"column":11},"end":{"line":71,"column":null}}],"line":67},"4":{"loc":{"start":{"line":75,"column":2},"end":{"line":82,"column":null}},"type":"if","locations":[{"start":{"line":75,"column":2},"end":{"line":82,"column":null}},{"start":{},"end":{}}],"line":75},"5":{"loc":{"start":{"line":78,"column":4},"end":{"line":81,"column":null}},"type":"if","locations":[{"start":{"line":78,"column":4},"end":{"line":81,"column":null}},{"start":{},"end":{}}],"line":78},"6":{"loc":{"start":{"line":84,"column":18},"end":{"line":84,"column":null}},"type":"binary-expr","locations":[{"start":{"line":84,"column":18},"end":{"line":84,"column":42}},{"start":{"line":84,"column":42},"end":{"line":84,"column":null}}],"line":84},"7":{"loc":{"start":{"line":85,"column":32},"end":{"line":85,"column":86}},"type":"cond-expr","locations":[{"start":{"line":85,"column":48},"end":{"line":85,"column":82}},{"start":{"line":85,"column":82},"end":{"line":85,"column":86}}],"line":85},"8":{"loc":{"start":{"line":87,"column":2},"end":{"line":121,"column":null}},"type":"if","locations":[{"start":{"line":87,"column":2},"end":{"line":121,"column":null}},{"start":{"line":104,"column":9},"end":{"line":121,"column":null}}],"line":87},"9":{"loc":{"start":{"line":89,"column":4},"end":{"line":89,"column":null}},"type":"if","locations":[{"start":{"line":89,"column":4},"end":{"line":89,"column":null}},{"start":{},"end":{}}],"line":89},"10":{"loc":{"start":{"line":91,"column":4},"end":{"line":91,"column":null}},"type":"if","locations":[{"start":{"line":91,"column":4},"end":{"line":91,"column":null}},{"start":{},"end":{}}],"line":91},"11":{"loc":{"start":{"line":106,"column":4},"end":{"line":106,"column":null}},"type":"if","locations":[{"start":{"line":106,"column":4},"end":{"line":106,"column":null}},{"start":{},"end":{}}],"line":106},"12":{"loc":{"start":{"line":108,"column":4},"end":{"line":108,"column":null}},"type":"if","locations":[{"start":{"line":108,"column":4},"end":{"line":108,"column":null}},{"start":{},"end":{}}],"line":108},"13":{"loc":{"start":{"line":127,"column":2},"end":{"line":130,"column":null}},"type":"if","locations":[{"start":{"line":127,"column":2},"end":{"line":130,"column":null}},{"start":{},"end":{}}],"line":127},"14":{"loc":{"start":{"line":136,"column":2},"end":{"line":154,"column":null}},"type":"if","locations":[{"start":{"line":136,"column":2},"end":{"line":154,"column":null}},{"start":{"line":152,"column":9},"end":{"line":154,"column":null}}],"line":136},"15":{"loc":{"start":{"line":136,"column":6},"end":{"line":136,"column":90}},"type":"binary-expr","locations":[{"start":{"line":136,"column":6},"end":{"line":136,"column":51}},{"start":{"line":136,"column":51},"end":{"line":136,"column":90}}],"line":136},"16":{"loc":{"start":{"line":137,"column":27},"end":{"line":139,"column":null}},"type":"cond-expr","locations":[{"start":{"line":138,"column":8},"end":{"line":138,"column":null}},{"start":{"line":139,"column":8},"end":{"line":139,"column":null}}],"line":137},"17":{"loc":{"start":{"line":139,"column":8},"end":{"line":139,"column":null}},"type":"binary-expr","locations":[{"start":{"line":139,"column":8},"end":{"line":139,"column":44}},{"start":{"line":139,"column":44},"end":{"line":139,"column":null}}],"line":139},"18":{"loc":{"start":{"line":140,"column":23},"end":{"line":140,"column":null}},"type":"cond-expr","locations":[{"start":{"line":140,"column":70},"end":{"line":140,"column":97}},{"start":{"line":140,"column":97},"end":{"line":140,"column":null}}],"line":140},"19":{"loc":{"start":{"line":141,"column":26},"end":{"line":141,"column":null}},"type":"binary-expr","locations":[{"start":{"line":141,"column":26},"end":{"line":141,"column":69}},{"start":{"line":141,"column":69},"end":{"line":141,"column":null}}],"line":141},"20":{"loc":{"start":{"line":143,"column":4},"end":{"line":145,"column":null}},"type":"if","locations":[{"start":{"line":143,"column":4},"end":{"line":145,"column":null}},{"start":{},"end":{}}],"line":143},"21":{"loc":{"start":{"line":143,"column":8},"end":{"line":143,"column":37}},"type":"binary-expr","locations":[{"start":{"line":143,"column":8},"end":{"line":143,"column":22}},{"start":{"line":143,"column":22},"end":{"line":143,"column":37}}],"line":143},"22":{"loc":{"start":{"line":160,"column":2},"end":{"line":163,"column":null}},"type":"if","locations":[{"start":{"line":160,"column":2},"end":{"line":163,"column":null}},{"start":{},"end":{}}],"line":160},"23":{"loc":{"start":{"line":171,"column":4},"end":{"line":177,"column":null}},"type":"if","locations":[{"start":{"line":171,"column":4},"end":{"line":177,"column":null}},{"start":{"line":175,"column":11},"end":{"line":177,"column":null}}],"line":171},"24":{"loc":{"start":{"line":187,"column":4},"end":{"line":197,"column":null}},"type":"if","locations":[{"start":{"line":187,"column":4},"end":{"line":197,"column":null}},{"start":{},"end":{}}],"line":187},"25":{"loc":{"start":{"line":189,"column":25},"end":{"line":189,"column":null}},"type":"cond-expr","locations":[{"start":{"line":189,"column":59},"end":{"line":189,"column":73}},{"start":{"line":189,"column":73},"end":{"line":189,"column":null}}],"line":189},"26":{"loc":{"start":{"line":190,"column":29},"end":{"line":190,"column":null}},"type":"cond-expr","locations":[{"start":{"line":190,"column":67},"end":{"line":190,"column":85}},{"start":{"line":190,"column":85},"end":{"line":190,"column":null}}],"line":190},"27":{"loc":{"start":{"line":191,"column":6},"end":{"line":193,"column":null}},"type":"if","locations":[{"start":{"line":191,"column":6},"end":{"line":193,"column":null}},{"start":{},"end":{}}],"line":191},"28":{"loc":{"start":{"line":203,"column":4},"end":{"line":209,"column":null}},"type":"if","locations":[{"start":{"line":203,"column":4},"end":{"line":209,"column":null}},{"start":{},"end":{}}],"line":203},"29":{"loc":{"start":{"line":205,"column":29},"end":{"line":205,"column":null}},"type":"cond-expr","locations":[{"start":{"line":205,"column":67},"end":{"line":205,"column":85}},{"start":{"line":205,"column":85},"end":{"line":205,"column":null}}],"line":205},"30":{"loc":{"start":{"line":217,"column":2},"end":{"line":217,"column":null}},"type":"if","locations":[{"start":{"line":217,"column":2},"end":{"line":217,"column":null}},{"start":{},"end":{}}],"line":217},"31":{"loc":{"start":{"line":220,"column":2},"end":{"line":223,"column":null}},"type":"if","locations":[{"start":{"line":220,"column":2},"end":{"line":223,"column":null}},{"start":{},"end":{}}],"line":220},"32":{"loc":{"start":{"line":239,"column":2},"end":{"line":239,"column":null}},"type":"if","locations":[{"start":{"line":239,"column":2},"end":{"line":239,"column":null}},{"start":{},"end":{}}],"line":239},"33":{"loc":{"start":{"line":254,"column":2},"end":{"line":257,"column":null}},"type":"if","locations":[{"start":{"line":254,"column":2},"end":{"line":257,"column":null}},{"start":{},"end":{}}],"line":254},"34":{"loc":{"start":{"line":254,"column":6},"end":{"line":254,"column":38}},"type":"binary-expr","locations":[{"start":{"line":254,"column":6},"end":{"line":254,"column":16}},{"start":{"line":254,"column":16},"end":{"line":254,"column":38}}],"line":254},"35":{"loc":{"start":{"line":263,"column":2},"end":{"line":266,"column":null}},"type":"if","locations":[{"start":{"line":263,"column":2},"end":{"line":266,"column":null}},{"start":{},"end":{}}],"line":263},"36":{"loc":{"start":{"line":269,"column":2},"end":{"line":269,"column":null}},"type":"if","locations":[{"start":{"line":269,"column":2},"end":{"line":269,"column":null}},{"start":{},"end":{}}],"line":269},"37":{"loc":{"start":{"line":273,"column":2},"end":{"line":278,"column":null}},"type":"if","locations":[{"start":{"line":273,"column":2},"end":{"line":278,"column":null}},{"start":{"line":275,"column":9},"end":{"line":278,"column":null}}],"line":273},"38":{"loc":{"start":{"line":280,"column":18},"end":{"line":280,"column":null}},"type":"binary-expr","locations":[{"start":{"line":280,"column":18},"end":{"line":280,"column":60}},{"start":{"line":280,"column":60},"end":{"line":280,"column":null}}],"line":280},"39":{"loc":{"start":{"line":281,"column":15},"end":{"line":281,"column":null}},"type":"binary-expr","locations":[{"start":{"line":281,"column":15},"end":{"line":281,"column":29}},{"start":{"line":281,"column":29},"end":{"line":281,"column":null}}],"line":281},"40":{"loc":{"start":{"line":285,"column":2},"end":{"line":289,"column":null}},"type":"if","locations":[{"start":{"line":285,"column":2},"end":{"line":289,"column":null}},{"start":{},"end":{}}],"line":285},"41":{"loc":{"start":{"line":288,"column":4},"end":{"line":288,"column":null}},"type":"if","locations":[{"start":{"line":288,"column":4},"end":{"line":288,"column":null}},{"start":{},"end":{}}],"line":288},"42":{"loc":{"start":{"line":298,"column":46},"end":{"line":298,"column":100}},"type":"cond-expr","locations":[{"start":{"line":298,"column":62},"end":{"line":298,"column":96}},{"start":{"line":298,"column":96},"end":{"line":298,"column":100}}],"line":298},"43":{"loc":{"start":{"line":306,"column":2},"end":{"line":306,"column":null}},"type":"if","locations":[{"start":{"line":306,"column":2},"end":{"line":306,"column":null}},{"start":{},"end":{}}],"line":306},"44":{"loc":{"start":{"line":311,"column":2},"end":{"line":314,"column":null}},"type":"if","locations":[{"start":{"line":311,"column":2},"end":{"line":314,"column":null}},{"start":{},"end":{}}],"line":311},"45":{"loc":{"start":{"line":316,"column":18},"end":{"line":316,"column":null}},"type":"binary-expr","locations":[{"start":{"line":316,"column":18},"end":{"line":316,"column":60}},{"start":{"line":316,"column":60},"end":{"line":316,"column":null}}],"line":316},"46":{"loc":{"start":{"line":317,"column":15},"end":{"line":317,"column":null}},"type":"binary-expr","locations":[{"start":{"line":317,"column":15},"end":{"line":317,"column":29}},{"start":{"line":317,"column":29},"end":{"line":317,"column":null}}],"line":317},"47":{"loc":{"start":{"line":329,"column":2},"end":{"line":329,"column":null}},"type":"if","locations":[{"start":{"line":329,"column":2},"end":{"line":329,"column":null}},{"start":{},"end":{}}],"line":329},"48":{"loc":{"start":{"line":332,"column":2},"end":{"line":335,"column":null}},"type":"if","locations":[{"start":{"line":332,"column":2},"end":{"line":335,"column":null}},{"start":{},"end":{}}],"line":332}},"s":{"0":4,"1":4,"2":4,"3":4,"4":4,"5":4,"6":4,"7":13,"8":13,"9":3,"10":3,"11":10,"12":10,"13":10,"14":10,"15":13,"16":9,"17":9,"18":9,"19":1,"20":8,"21":10,"22":10,"23":1,"24":1,"25":1,"26":1,"27":1,"28":10,"29":13,"30":13,"31":6,"32":6,"33":1,"34":1,"35":5,"36":5,"37":1,"38":1,"39":4,"40":4,"41":4,"42":4,"43":1,"44":1,"45":3,"46":3,"47":1,"48":1,"49":2,"50":2,"51":4,"52":4,"53":4,"54":1,"55":1,"56":3,"57":3,"58":3,"59":3,"60":2,"61":2,"62":2,"63":2,"64":1,"65":1,"66":2,"67":2,"68":1,"69":4,"70":9,"71":9,"72":3,"73":3,"74":6,"75":6,"76":6,"77":5,"78":5,"79":3,"80":2,"81":6,"82":6,"83":4,"84":3,"85":3,"86":3,"87":3,"88":2,"89":2,"90":3,"91":3,"92":3,"93":3,"94":3,"95":2,"96":2,"97":2,"98":2,"99":2,"100":2,"101":2,"102":1,"103":4,"104":0,"105":0,"106":0,"107":0,"108":0,"109":0,"110":0,"111":0,"112":0,"113":0,"114":0,"115":0,"116":0,"117":0,"118":0,"119":4,"120":0,"121":0,"122":0,"123":0,"124":4,"125":0,"126":0,"127":0,"128":0,"129":0,"130":0,"131":0,"132":0,"133":0,"134":0,"135":0,"136":0,"137":0,"138":0,"139":0,"140":0,"141":0,"142":0,"143":0,"144":0,"145":0,"146":0,"147":0,"148":0,"149":0,"150":0,"151":0,"152":0,"153":0,"154":0,"155":0,"156":4,"157":0,"158":0,"159":0,"160":0,"161":0,"162":0,"163":0,"164":0,"165":0,"166":0,"167":0,"168":0,"169":0,"170":4,"171":0,"172":0,"173":0,"174":0,"175":0,"176":0,"177":0,"178":0,"179":0},"f":{"0":13,"1":4,"2":9,"3":5,"4":0,"5":0,"6":0,"7":0,"8":0,"9":0},"b":{"0":[3,10],"1":[10,9],"2":[9,4],"3":[1,8],"4":[1,9],"5":[1,0],"6":[10,10],"7":[1,9],"8":[6,4],"9":[1,5],"10":[1,4],"11":[1,3],"12":[1,2],"13":[1,3],"14":[2,1],"15":[3,1],"16":[1,1],"17":[1,0],"18":[1,1],"19":[2,0],"20":[1,1],"21":[2,1],"22":[3,6],"23":[3,2],"24":[3,1],"25":[2,1],"26":[2,1],"27":[2,1],"28":[2,0],"29":[0,2],"30":[0,0],"31":[0,0],"32":[0,0],"33":[0,0],"34":[0,0],"35":[0,0],"36":[0,0],"37":[0,0],"38":[0,0],"39":[0,0],"40":[0,0],"41":[0,0],"42":[0,0],"43":[0,0],"44":[0,0],"45":[0,0],"46":[0,0],"47":[0,0],"48":[0,0]},"meta":{"lastBranch":49,"lastFunction":10,"lastStatement":180,"seen":{"s:8:6:8:Infinity":0,"s:11:21:15:Infinity":1,"s:17:27:20:Infinity":2,"s:22:26:25:Infinity":3,"s:27:28:29:Infinity":4,"s:31:26:42:Infinity":5,"s:45:0:122:Infinity":6,"f:45:32:45:39":0,"s:46:17:46:Infinity":7,"b:47:2:50:Infinity:undefined:undefined:undefined:undefined":0,"s:47:2:50:Infinity":8,"s:48:4:48:Infinity":9,"s:49:4:49:Infinity":10,"s:51:44:51:Infinity":11,"s:53:17:53:Infinity":12,"s:55:22:59:Infinity":13,"s:61:19:61:Infinity":14,"b:61:19:61:50:61:50:61:Infinity":1,"b:63:2:72:Infinity:undefined:undefined:undefined:undefined":2,"s:63:2:72:Infinity":15,"s:64:21:64:Infinity":16,"s:65:4:65:Infinity":17,"b:67:4:71:Infinity:69:11:71:Infinity":3,"s:67:4:71:Infinity":18,"s:68:6:68:Infinity":19,"s:70:6:70:Infinity":20,"s:74:37:74:Infinity":21,"b:75:2:82:Infinity:undefined:undefined:undefined:undefined":4,"s:75:2:82:Infinity":22,"s:76:18:76:Infinity":23,"s:77:24:77:Infinity":24,"b:78:4:81:Infinity:undefined:undefined:undefined:undefined":5,"s:78:4:81:Infinity":25,"s:79:6:79:Infinity":26,"s:80:6:80:Infinity":27,"s:84:18:84:Infinity":28,"b:84:18:84:42:84:42:84:Infinity":6,"s:85:15:85:Infinity":29,"b:85:48:85:82:85:82:85:86":7,"b:87:2:121:Infinity:104:9:121:Infinity":8,"s:87:2:121:Infinity":30,"s:88:21:88:Infinity":31,"b:89:4:89:Infinity:undefined:undefined:undefined:undefined":9,"s:89:4:89:Infinity":32,"s:89:38:89:116":33,"s:89:116:89:124":34,"s:90:19:90:Infinity":35,"b:91:4:91:Infinity:undefined:undefined:undefined:undefined":10,"s:91:4:91:Infinity":36,"s:91:36:91:97":37,"s:91:97:91:105":38,"s:93:28:102:Infinity":39,"s:103:4:103:Infinity":40,"s:105:21:105:Infinity":41,"b:106:4:106:Infinity:undefined:undefined:undefined:undefined":11,"s:106:4:106:Infinity":42,"s:106:38:106:117":43,"s:106:117:106:125":44,"s:107:19:107:Infinity":45,"b:108:4:108:Infinity:undefined:undefined:undefined:undefined":12,"s:108:4:108:Infinity":46,"s:108:36:108:98":47,"s:108:98:108:106":48,"s:110:28:119:Infinity":49,"s:120:4:120:Infinity":50,"s:125:0:155:Infinity":51,"f:125:39:125:46":1,"s:126:17:126:Infinity":52,"b:127:2:130:Infinity:undefined:undefined:undefined:undefined":13,"s:127:2:130:Infinity":53,"s:128:4:128:Infinity":54,"s:129:4:129:Infinity":55,"s:131:43:131:Infinity":56,"s:133:17:133:Infinity":57,"s:134:26:134:Infinity":58,"b:136:2:154:Infinity:152:9:154:Infinity":14,"s:136:2:154:Infinity":59,"b:136:6:136:51:136:51:136:90":15,"s:137:27:139:Infinity":60,"b:138:8:138:Infinity:139:8:139:Infinity":16,"b:139:8:139:44:139:44:139:Infinity":17,"s:140:23:140:Infinity":61,"b:140:70:140:97:140:97:140:Infinity":18,"s:141:26:141:Infinity":62,"b:141:26:141:69:141:69:141:Infinity":19,"b:143:4:145:Infinity:undefined:undefined:undefined:undefined":20,"s:143:4:145:Infinity":63,"b:143:8:143:22:143:22:143:37":21,"s:144:6:144:Infinity":64,"s:144:12:144:81":65,"s:147:4:149:Infinity":66,"s:151:4:151:Infinity":67,"s:153:4:153:Infinity":68,"s:158:0:213:Infinity":69,"f:158:38:158:45":2,"s:159:17:159:Infinity":70,"b:160:2:163:Infinity:undefined:undefined:undefined:undefined":22,"s:160:2:163:Infinity":71,"s:161:4:161:Infinity":72,"s:162:4:162:Infinity":73,"s:164:31:164:Infinity":74,"s:166:17:166:Infinity":75,"s:167:26:167:Infinity":76,"f:169:17:169:33":3,"s:170:23:170:Infinity":77,"b:171:4:177:Infinity:175:11:177:Infinity":23,"s:171:4:177:Infinity":78,"s:172:6:174:Infinity":79,"s:176:6:176:Infinity":80,"s:180:2:198:Infinity":81,"s:182:26:185:Infinity":82,"b:187:4:197:Infinity:undefined:undefined:undefined:undefined":24,"s:187:4:197:Infinity":83,"s:188:17:188:Infinity":84,"s:189:25:189:Infinity":85,"b:189:59:189:73:189:73:189:Infinity":25,"s:190:29:190:Infinity":86,"b:190:67:190:85:190:85:190:Infinity":26,"b:191:6:193:Infinity:undefined:undefined:undefined:undefined":27,"s:191:6:193:Infinity":87,"s:192:8:192:Infinity":88,"s:192:14:192:85":89,"s:194:6:194:Infinity":90,"s:195:6:195:Infinity":91,"s:196:6:196:Infinity":92,"s:200:20:200:Infinity":93,"s:201:2:210:Infinity":94,"s:202:22:202:Infinity":95,"b:203:4:209:Infinity:undefined:undefined:undefined:undefined":28,"s:203:4:209:Infinity":96,"s:204:17:204:Infinity":97,"s:205:29:205:Infinity":98,"b:205:67:205:85:205:85:205:Infinity":29,"s:206:6:206:Infinity":99,"s:207:6:207:Infinity":100,"s:208:6:208:Infinity":101,"s:212:2:212:Infinity":102,"s:216:0:235:Infinity":103,"f:216:37:216:44":4,"b:217:2:217:Infinity:undefined:undefined:undefined:undefined":30,"s:217:2:217:Infinity":104,"s:217:31:217:Infinity":105,"s:219:17:219:Infinity":106,"b:220:2:223:Infinity:undefined:undefined:undefined:undefined":31,"s:220:2:223:Infinity":107,"s:221:4:221:Infinity":108,"s:222:4:222:Infinity":109,"s:224:24:224:Infinity":110,"s:226:20:226:Infinity":111,"s:227:17:227:Infinity":112,"s:228:2:232:Infinity":113,"s:228:15:228:18":114,"s:229:18:229:Infinity":115,"s:230:4:230:Infinity":116,"s:231:4:231:Infinity":117,"s:234:2:234:Infinity":118,"s:238:0:248:Infinity":119,"f:238:35:238:42":5,"b:239:2:239:Infinity:undefined:undefined:undefined:undefined":32,"s:239:2:239:Infinity":120,"s:239:31:239:Infinity":121,"s:241:17:245:Infinity":122,"s:247:2:247:Infinity":123,"s:252:0:302:Infinity":124,"f:252:39:252:46":6,"s:253:34:253:Infinity":125,"b:254:2:257:Infinity:undefined:undefined:undefined:undefined":33,"s:254:2:257:Infinity":126,"b:254:6:254:16:254:16:254:38":34,"s:255:4:255:Infinity":127,"s:256:4:256:Infinity":128,"s:259:17:259:Infinity":129,"s:260:22:260:Infinity":130,"s:261:19:261:Infinity":131,"f:261:51:261:56":7,"s:261:56:261:88":132,"b:263:2:266:Infinity:undefined:undefined:undefined:undefined":35,"s:263:2:266:Infinity":133,"s:264:4:264:Infinity":134,"s:265:4:265:Infinity":135,"s:268:17:268:Infinity":136,"b:269:2:269:Infinity:undefined:undefined:undefined:undefined":36,"s:269:2:269:Infinity":137,"s:269:34:269:100":138,"s:269:100:269:108":139,"s:271:28:271:Infinity":140,"b:273:2:278:Infinity:275:9:278:Infinity":37,"s:273:2:278:Infinity":141,"s:274:4:274:Infinity":142,"s:276:21:276:Infinity":143,"s:277:4:277:Infinity":144,"s:280:18:280:Infinity":145,"b:280:18:280:60:280:60:280:Infinity":38,"s:281:15:281:Infinity":146,"b:281:15:281:29:281:29:281:Infinity":39,"s:282:18:282:Infinity":147,"s:284:37:284:Infinity":148,"b:285:2:289:Infinity:undefined:undefined:undefined:undefined":40,"s:285:2:289:Infinity":149,"s:286:18:286:Infinity":150,"s:287:24:287:Infinity":151,"b:288:4:288:Infinity:undefined:undefined:undefined:undefined":41,"s:288:4:288:Infinity":152,"s:288:19:288:Infinity":153,"s:291:18:299:Infinity":154,"b:298:62:298:96:298:96:298:100":42,"s:301:2:301:Infinity":155,"s:304:0:325:Infinity":156,"f:304:37:304:44":8,"s:305:20:305:Infinity":157,"b:306:2:306:Infinity:undefined:undefined:undefined:undefined":43,"s:306:2:306:Infinity":158,"s:306:16:306:67":159,"s:306:67:306:75":160,"s:308:17:308:Infinity":161,"s:309:20:309:Infinity":162,"b:311:2:314:Infinity:undefined:undefined:undefined:undefined":44,"s:311:2:314:Infinity":163,"s:312:4:312:Infinity":164,"s:313:4:313:Infinity":165,"s:316:18:316:Infinity":166,"b:316:18:316:60:316:60:316:Infinity":45,"s:317:15:317:Infinity":167,"b:317:15:317:29:317:29:317:Infinity":46,"s:319:17:322:Infinity":168,"s:324:2:324:Infinity":169,"s:328:0:340:Infinity":170,"f:328:40:328:47":9,"b:329:2:329:Infinity:undefined:undefined:undefined:undefined":47,"s:329:2:329:Infinity":171,"s:329:31:329:Infinity":172,"s:331:17:331:Infinity":173,"b:332:2:335:Infinity:undefined:undefined:undefined:undefined":48,"s:332:2:335:Infinity":174,"s:333:4:333:Infinity":175,"s:334:4:334:Infinity":176,"s:336:24:336:Infinity":177,"s:338:2:338:Infinity":178,"s:339:2:339:Infinity":179},"fnNames":{}}}
}
